Watching for file changes with StatReloader
"GET /admin/ HTTP/1.1" 302 0
"GET /admin/login/?next=/admin/ HTTP/1.1" 200 4178
"GET /chat/getMessages/1/ HTTP/1.1" 200 198
"POST /admin/login/?next=/admin/ HTTP/1.1" 302 0
"GET /admin/ HTTP/1.1" 200 21281
"GET /api/v1/categories/ HTTP/1.1" 200 52
"GET /chat/getMessages/1/ HTTP/1.1" 200 198
"GET /api/v1/products/?page=1 HTTP/1.1" 200 52
"GET /chat/getMessages/1/ HTTP/1.1" 200 198
"GET /chat/getMessages/1/ HTTP/1.1" 200 198
"GET /chat/getMessages/1/ HTTP/1.1" 200 198
"GET /chat/getMessages/1/ HTTP/1.1" 200 198
"GET /chat/getMessages/1/ HTTP/1.1" 200 198
"GET /chat/getMessages/1/ HTTP/1.1" 200 198
"GET /chat/getMessages/1/ HTTP/1.1" 200 198
"GET /chat/getMessages/1/ HTTP/1.1" 200 198
"GET /chat/getMessages/1/ HTTP/1.1" 200 198
"GET /chat/getMessages/1/ HTTP/1.1" 200 198
"GET /admin/account/emailaddress/ HTTP/1.1" 200 21707
"GET /admin/jsi18n/ HTTP/1.1" 200 3343
"GET /admin/socialaccount/socialaccount/ HTTP/1.1" 200 20290
"GET /admin/jsi18n/ HTTP/1.1" 200 3343
"GET /api/v1/products/?page=1 HTTP/1.1" 200 52
"GET /chat/getMessages/1/ HTTP/1.1" 200 198
"GET /chat/getMessages/1/ HTTP/1.1" 200 198
"GET /chat/getMessages/1/ HTTP/1.1" 200 198
"GET /chat/getMessages/1/ HTTP/1.1" 200 198
/Users/Nurik/Desktop/hackaton2/config/settings.py changed, reloading.
Watching for file changes with StatReloader
/Users/Nurik/Desktop/hackaton2/config/settings.py changed, reloading.
Watching for file changes with StatReloader
/Users/Nurik/Desktop/hackaton2/config/settings.py changed, reloading.
Watching for file changes with StatReloader
"GET /docs/ HTTP/1.1" 200 2150
"GET /docs/?format=openapi HTTP/1.1" 200 15573
"GET /chat/getMessages/1/ HTTP/1.1" 200 198
Watching for file changes with StatReloader
/Users/Nurik/Desktop/hackaton2/config/settings.py changed, reloading.
Watching for file changes with StatReloader
/Users/Nurik/Desktop/hackaton2/config/settings.py changed, reloading.
Watching for file changes with StatReloader
/Users/Nurik/Desktop/hackaton2/config/settings.py changed, reloading.
Watching for file changes with StatReloader
/Users/Nurik/Desktop/hackaton2/config/settings.py changed, reloading.
Watching for file changes with StatReloader
/Users/Nurik/Desktop/hackaton2/config/settings.py changed, reloading.
Watching for file changes with StatReloader
"GET /chat/getMessages/1/ HTTP/1.1" 200 198
/Users/Nurik/Desktop/hackaton2/config/settings.py changed, reloading.
Watching for file changes with StatReloader
/Users/Nurik/Desktop/hackaton2/config/settings.py changed, reloading.
Watching for file changes with StatReloader
/Users/Nurik/Desktop/hackaton2/config/settings.py changed, reloading.
Watching for file changes with StatReloader
/Users/Nurik/Desktop/hackaton2/config/settings.py changed, reloading.
Watching for file changes with StatReloader
/Users/Nurik/Desktop/hackaton2/config/settings.py changed, reloading.
Watching for file changes with StatReloader
/Users/Nurik/Desktop/hackaton2/config/settings.py changed, reloading.
Watching for file changes with StatReloader
/Users/Nurik/Desktop/hackaton2/config/settings.py changed, reloading.
Watching for file changes with StatReloader
/Users/Nurik/Desktop/hackaton2/config/settings.py changed, reloading.
Watching for file changes with StatReloader
/Users/Nurik/Desktop/hackaton2/config/settings.py changed, reloading.
Watching for file changes with StatReloader
/Users/Nurik/Desktop/hackaton2/config/settings.py changed, reloading.
Watching for file changes with StatReloader
/Users/Nurik/Desktop/hackaton2/config/settings.py changed, reloading.
Watching for file changes with StatReloader
/Users/Nurik/Desktop/hackaton2/config/settings.py changed, reloading.
Watching for file changes with StatReloader
"GET /admin/ HTTP/1.1" 200 21281
"GET /chat/getMessages/1/ HTTP/1.1" 200 198
"GET /docs/ HTTP/1.1" 200 2150
Internal Server Error: /docs/
Traceback (most recent call last):
  File "/Users/Nurik/Desktop/hackaton2/venv/lib/python3.11/site-packages/django/core/handlers/exception.py", line 55, in inner
    response = get_response(request)
               ^^^^^^^^^^^^^^^^^^^^^
  File "/Users/Nurik/Desktop/hackaton2/venv/lib/python3.11/site-packages/django/core/handlers/base.py", line 197, in _get_response
    response = wrapped_callback(request, *callback_args, **callback_kwargs)
               ^^^^^^^^^^^^^^^^^^^^^^^^^^^^^^^^^^^^^^^^^^^^^^^^^^^^^^^^^^^^
  File "/Users/Nurik/Desktop/hackaton2/venv/lib/python3.11/site-packages/django/views/decorators/csrf.py", line 56, in wrapper_view
    return view_func(*args, **kwargs)
           ^^^^^^^^^^^^^^^^^^^^^^^^^^
  File "/Users/Nurik/Desktop/hackaton2/venv/lib/python3.11/site-packages/django/views/generic/base.py", line 104, in view
    return self.dispatch(request, *args, **kwargs)
           ^^^^^^^^^^^^^^^^^^^^^^^^^^^^^^^^^^^^^^^
  File "/Users/Nurik/Desktop/hackaton2/venv/lib/python3.11/site-packages/rest_framework/views.py", line 509, in dispatch
    response = self.handle_exception(exc)
               ^^^^^^^^^^^^^^^^^^^^^^^^^^
  File "/Users/Nurik/Desktop/hackaton2/venv/lib/python3.11/site-packages/rest_framework/views.py", line 469, in handle_exception
    self.raise_uncaught_exception(exc)
  File "/Users/Nurik/Desktop/hackaton2/venv/lib/python3.11/site-packages/rest_framework/views.py", line 480, in raise_uncaught_exception
    raise exc
  File "/Users/Nurik/Desktop/hackaton2/venv/lib/python3.11/site-packages/rest_framework/views.py", line 506, in dispatch
    response = handler(request, *args, **kwargs)
               ^^^^^^^^^^^^^^^^^^^^^^^^^^^^^^^^^
  File "/Users/Nurik/Desktop/hackaton2/venv/lib/python3.11/site-packages/drf_yasg/views.py", line 94, in get
    schema = generator.get_schema(request, self.public)
             ^^^^^^^^^^^^^^^^^^^^^^^^^^^^^^^^^^^^^^^^^^
  File "/Users/Nurik/Desktop/hackaton2/venv/lib/python3.11/site-packages/drf_yasg/generators.py", line 248, in get_schema
    paths, prefix = self.get_paths(endpoints, components, request, public)
                    ^^^^^^^^^^^^^^^^^^^^^^^^^^^^^^^^^^^^^^^^^^^^^^^^^^^^^^
  File "/Users/Nurik/Desktop/hackaton2/venv/lib/python3.11/site-packages/drf_yasg/generators.py", line 406, in get_paths
    operation = self.get_operation(view, path, prefix, method, components, request)
                ^^^^^^^^^^^^^^^^^^^^^^^^^^^^^^^^^^^^^^^^^^^^^^^^^^^^^^^^^^^^^^^^^^^
  File "/Users/Nurik/Desktop/hackaton2/venv/lib/python3.11/site-packages/drf_yasg/generators.py", line 448, in get_operation
    operation = view_inspector.get_operation(operation_keys)
                ^^^^^^^^^^^^^^^^^^^^^^^^^^^^^^^^^^^^^^^^^^^^
  File "/Users/Nurik/Desktop/hackaton2/venv/lib/python3.11/site-packages/drf_yasg/inspectors/view.py", line 33, in get_operation
    query = self.get_query_parameters()
            ^^^^^^^^^^^^^^^^^^^^^^^^^^^
  File "/Users/Nurik/Desktop/hackaton2/venv/lib/python3.11/site-packages/drf_yasg/inspectors/view.py", line 293, in get_query_parameters
    natural_parameters = self.get_filter_parameters() + self.get_pagination_parameters()
                         ^^^^^^^^^^^^^^^^^^^^^^^^^^^^
  File "/Users/Nurik/Desktop/hackaton2/venv/lib/python3.11/site-packages/drf_yasg/inspectors/base.py", line 409, in get_filter_parameters
    fields += self.probe_inspectors(self.filter_inspectors, 'get_filter_parameters', filter_backend()) or []
              ^^^^^^^^^^^^^^^^^^^^^^^^^^^^^^^^^^^^^^^^^^^^^^^^^^^^^^^^^^^^^^^^^^^^^^^^^^^^^^^^^^^^^^^^
  File "/Users/Nurik/Desktop/hackaton2/venv/lib/python3.11/site-packages/drf_yasg/inspectors/base.py", line 110, in probe_inspectors
    result = method(obj, **kwargs)
             ^^^^^^^^^^^^^^^^^^^^^
  File "/Users/Nurik/Desktop/hackaton2/venv/lib/python3.11/site-packages/drf_yasg/inspectors/query.py", line 26, in get_filter_parameters
    fields = filter_backend.get_schema_fields(self.view)
             ^^^^^^^^^^^^^^^^^^^^^^^^^^^^^^^^^^^^^^^^^^^
  File "/Users/Nurik/Desktop/hackaton2/venv/lib/python3.11/site-packages/django_filters/rest_framework/backends.py", line 116, in get_schema_fields
    filterset_class = self.get_filterset_class(view, queryset)
                      ^^^^^^^^^^^^^^^^^^^^^^^^^^^^^^^^^^^^^^^^
  File "/Users/Nurik/Desktop/hackaton2/venv/lib/python3.11/site-packages/django_filters/rest_framework/backends.py", line 51, in get_filterset_class
    class AutoFilterSet(self.filterset_base):
  File "/Users/Nurik/Desktop/hackaton2/venv/lib/python3.11/site-packages/django_filters/filterset.py", line 62, in __new__
    new_class.base_filters = new_class.get_filters()
                             ^^^^^^^^^^^^^^^^^^^^^^^
  File "/Users/Nurik/Desktop/hackaton2/venv/lib/python3.11/site-packages/django_filters/filterset.py", line 349, in get_filters
    raise TypeError(
TypeError: 'Meta.fields' must not contain non-model field names: n, a, m, e
"GET /docs/?format=openapi HTTP/1.1" 500 167941
Watching for file changes with StatReloader
Internal Server Error: /docs/
Traceback (most recent call last):
  File "/Users/Nurik/Desktop/hackaton2/venv/lib/python3.11/site-packages/django/core/handlers/exception.py", line 55, in inner
    response = get_response(request)
               ^^^^^^^^^^^^^^^^^^^^^
  File "/Users/Nurik/Desktop/hackaton2/venv/lib/python3.11/site-packages/django/core/handlers/base.py", line 197, in _get_response
    response = wrapped_callback(request, *callback_args, **callback_kwargs)
               ^^^^^^^^^^^^^^^^^^^^^^^^^^^^^^^^^^^^^^^^^^^^^^^^^^^^^^^^^^^^
  File "/Users/Nurik/Desktop/hackaton2/venv/lib/python3.11/site-packages/django/views/decorators/csrf.py", line 56, in wrapper_view
    return view_func(*args, **kwargs)
           ^^^^^^^^^^^^^^^^^^^^^^^^^^
  File "/Users/Nurik/Desktop/hackaton2/venv/lib/python3.11/site-packages/django/views/generic/base.py", line 104, in view
    return self.dispatch(request, *args, **kwargs)
           ^^^^^^^^^^^^^^^^^^^^^^^^^^^^^^^^^^^^^^^
  File "/Users/Nurik/Desktop/hackaton2/venv/lib/python3.11/site-packages/rest_framework/views.py", line 509, in dispatch
    response = self.handle_exception(exc)
               ^^^^^^^^^^^^^^^^^^^^^^^^^^
  File "/Users/Nurik/Desktop/hackaton2/venv/lib/python3.11/site-packages/rest_framework/views.py", line 469, in handle_exception
    self.raise_uncaught_exception(exc)
  File "/Users/Nurik/Desktop/hackaton2/venv/lib/python3.11/site-packages/rest_framework/views.py", line 480, in raise_uncaught_exception
    raise exc
  File "/Users/Nurik/Desktop/hackaton2/venv/lib/python3.11/site-packages/rest_framework/views.py", line 506, in dispatch
    response = handler(request, *args, **kwargs)
               ^^^^^^^^^^^^^^^^^^^^^^^^^^^^^^^^^
  File "/Users/Nurik/Desktop/hackaton2/venv/lib/python3.11/site-packages/drf_yasg/views.py", line 94, in get
    schema = generator.get_schema(request, self.public)
             ^^^^^^^^^^^^^^^^^^^^^^^^^^^^^^^^^^^^^^^^^^
  File "/Users/Nurik/Desktop/hackaton2/venv/lib/python3.11/site-packages/drf_yasg/generators.py", line 248, in get_schema
    paths, prefix = self.get_paths(endpoints, components, request, public)
                    ^^^^^^^^^^^^^^^^^^^^^^^^^^^^^^^^^^^^^^^^^^^^^^^^^^^^^^
  File "/Users/Nurik/Desktop/hackaton2/venv/lib/python3.11/site-packages/drf_yasg/generators.py", line 406, in get_paths
    operation = self.get_operation(view, path, prefix, method, components, request)
                ^^^^^^^^^^^^^^^^^^^^^^^^^^^^^^^^^^^^^^^^^^^^^^^^^^^^^^^^^^^^^^^^^^^
  File "/Users/Nurik/Desktop/hackaton2/venv/lib/python3.11/site-packages/drf_yasg/generators.py", line 448, in get_operation
    operation = view_inspector.get_operation(operation_keys)
                ^^^^^^^^^^^^^^^^^^^^^^^^^^^^^^^^^^^^^^^^^^^^
  File "/Users/Nurik/Desktop/hackaton2/venv/lib/python3.11/site-packages/drf_yasg/inspectors/view.py", line 33, in get_operation
    query = self.get_query_parameters()
            ^^^^^^^^^^^^^^^^^^^^^^^^^^^
  File "/Users/Nurik/Desktop/hackaton2/venv/lib/python3.11/site-packages/drf_yasg/inspectors/view.py", line 293, in get_query_parameters
    natural_parameters = self.get_filter_parameters() + self.get_pagination_parameters()
                         ^^^^^^^^^^^^^^^^^^^^^^^^^^^^
  File "/Users/Nurik/Desktop/hackaton2/venv/lib/python3.11/site-packages/drf_yasg/inspectors/base.py", line 409, in get_filter_parameters
    fields += self.probe_inspectors(self.filter_inspectors, 'get_filter_parameters', filter_backend()) or []
              ^^^^^^^^^^^^^^^^^^^^^^^^^^^^^^^^^^^^^^^^^^^^^^^^^^^^^^^^^^^^^^^^^^^^^^^^^^^^^^^^^^^^^^^^
  File "/Users/Nurik/Desktop/hackaton2/venv/lib/python3.11/site-packages/drf_yasg/inspectors/base.py", line 110, in probe_inspectors
    result = method(obj, **kwargs)
             ^^^^^^^^^^^^^^^^^^^^^
  File "/Users/Nurik/Desktop/hackaton2/venv/lib/python3.11/site-packages/drf_yasg/inspectors/query.py", line 26, in get_filter_parameters
    fields = filter_backend.get_schema_fields(self.view)
             ^^^^^^^^^^^^^^^^^^^^^^^^^^^^^^^^^^^^^^^^^^^
  File "/Users/Nurik/Desktop/hackaton2/venv/lib/python3.11/site-packages/django_filters/rest_framework/backends.py", line 116, in get_schema_fields
    filterset_class = self.get_filterset_class(view, queryset)
                      ^^^^^^^^^^^^^^^^^^^^^^^^^^^^^^^^^^^^^^^^
  File "/Users/Nurik/Desktop/hackaton2/venv/lib/python3.11/site-packages/django_filters/rest_framework/backends.py", line 51, in get_filterset_class
    class AutoFilterSet(self.filterset_base):
  File "/Users/Nurik/Desktop/hackaton2/venv/lib/python3.11/site-packages/django_filters/filterset.py", line 62, in __new__
    new_class.base_filters = new_class.get_filters()
                             ^^^^^^^^^^^^^^^^^^^^^^^
  File "/Users/Nurik/Desktop/hackaton2/venv/lib/python3.11/site-packages/django_filters/filterset.py", line 349, in get_filters
    raise TypeError(
TypeError: 'Meta.fields' must not contain non-model field names: n, a, m, e
"GET /docs/?format=openapi HTTP/1.1" 500 167890
"GET /chat/getMessages/1/ HTTP/1.1" 200 198
"GET /chat/getMessages/1/ HTTP/1.1" 200 198
"GET /chat/getMessages/1/ HTTP/1.1" 200 198
"GET /chat/getMessages/1/ HTTP/1.1" 200 198
"GET /chat/getMessages/1/ HTTP/1.1" 200 198
"GET /chat/getMessages/1/ HTTP/1.1" 200 198
"GET /chat/getMessages/1/ HTTP/1.1" 200 198
"GET /chat/getMessages/1/ HTTP/1.1" 200 198
"GET /chat/getMessages/1/ HTTP/1.1" 200 198
"GET /chat/getMessages/1/ HTTP/1.1" 200 198
"GET /chat/getMessages/1/ HTTP/1.1" 200 198
"GET /chat/getMessages/1/ HTTP/1.1" 200 198
"GET /chat/getMessages/1/ HTTP/1.1" 200 198
"GET /chat/getMessages/1/ HTTP/1.1" 200 198
"GET /chat/getMessages/1/ HTTP/1.1" 200 198
"GET /chat/getMessages/1/ HTTP/1.1" 200 198
"GET /chat/getMessages/1/ HTTP/1.1" 200 198
"GET /chat/getMessages/1/ HTTP/1.1" 200 198
"GET /chat/getMessages/1/ HTTP/1.1" 200 198
"GET /chat/getMessages/1/ HTTP/1.1" 200 198
"GET /chat/getMessages/1/ HTTP/1.1" 200 198
"GET /chat/getMessages/1/ HTTP/1.1" 200 198
"GET /chat/getMessages/1/ HTTP/1.1" 200 198
"GET /chat/getMessages/1/ HTTP/1.1" 200 198
"GET /chat/getMessages/1/ HTTP/1.1" 200 198
"GET /chat/getMessages/1/ HTTP/1.1" 200 198
"GET /chat/getMessages/1/ HTTP/1.1" 200 198
"GET /chat/getMessages/1/ HTTP/1.1" 200 198
"GET /chat/getMessages/1/ HTTP/1.1" 200 198
"GET /chat/getMessages/1/ HTTP/1.1" 200 198
"GET /chat/getMessages/1/ HTTP/1.1" 200 198
"GET /chat/getMessages/1/ HTTP/1.1" 200 198
"GET /chat/getMessages/1/ HTTP/1.1" 200 198
"GET /chat/getMessages/1/ HTTP/1.1" 200 198
"GET /chat/getMessages/1/ HTTP/1.1" 200 198
"GET /chat/getMessages/1/ HTTP/1.1" 200 198
"GET /chat/getMessages/1/ HTTP/1.1" 200 198
"GET /chat/getMessages/1/ HTTP/1.1" 200 198
"GET /chat/getMessages/1/ HTTP/1.1" 200 198
"GET /chat/getMessages/1/ HTTP/1.1" 200 198
"GET /chat/getMessages/1/ HTTP/1.1" 200 198
"GET /chat/getMessages/1/ HTTP/1.1" 200 198
"GET /chat/getMessages/1/ HTTP/1.1" 200 198
"GET /chat/getMessages/1/ HTTP/1.1" 200 198
"GET /chat/getMessages/1/ HTTP/1.1" 200 198
"GET /chat/getMessages/1/ HTTP/1.1" 200 198
"GET /chat/getMessages/1/ HTTP/1.1" 200 198
"GET /chat/getMessages/1/ HTTP/1.1" 200 198
"GET /chat/getMessages/1/ HTTP/1.1" 200 198
"GET /chat/getMessages/1/ HTTP/1.1" 200 198
"GET /chat/getMessages/1/ HTTP/1.1" 200 198
"GET /chat/getMessages/1/ HTTP/1.1" 200 198
"GET /chat/getMessages/1/ HTTP/1.1" 200 198
"GET /chat/getMessages/1/ HTTP/1.1" 200 198
"GET /chat/getMessages/1/ HTTP/1.1" 200 198
"GET /chat/getMessages/1/ HTTP/1.1" 200 198
"GET /chat/getMessages/1/ HTTP/1.1" 200 198
"GET /chat/getMessages/1/ HTTP/1.1" 200 198
"GET /chat/getMessages/1/ HTTP/1.1" 200 198
"GET /chat/getMessages/1/ HTTP/1.1" 200 198
"GET /chat/getMessages/1/ HTTP/1.1" 200 198
"GET /chat/getMessages/1/ HTTP/1.1" 200 198
"GET /chat/getMessages/1/ HTTP/1.1" 200 198
"GET /chat/getMessages/1/ HTTP/1.1" 200 198
"GET /chat/getMessages/1/ HTTP/1.1" 200 198
"GET /chat/getMessages/1/ HTTP/1.1" 200 198
"GET /chat/getMessages/1/ HTTP/1.1" 200 198
"GET /chat/getMessages/1/ HTTP/1.1" 200 198
"GET /chat/getMessages/1/ HTTP/1.1" 200 198
"GET /chat/getMessages/1/ HTTP/1.1" 200 198
"GET /chat/getMessages/1/ HTTP/1.1" 200 198
"GET /chat/getMessages/1/ HTTP/1.1" 200 198
"GET /chat/getMessages/1/ HTTP/1.1" 200 198
"GET /chat/getMessages/1/ HTTP/1.1" 200 198
"GET /chat/getMessages/1/ HTTP/1.1" 200 198
"GET /chat/getMessages/1/ HTTP/1.1" 200 198
/Users/Nurik/Desktop/hackaton2/review/views.py changed, reloading.
Watching for file changes with StatReloader
"GET /chat/getMessages/1/ HTTP/1.1" 200 198
/Users/Nurik/Desktop/hackaton2/review/views.py changed, reloading.
Watching for file changes with StatReloader
"GET /chat/getMessages/1/ HTTP/1.1" 200 198
"GET /chat/getMessages/1/ HTTP/1.1" 200 198
"GET /chat/getMessages/1/ HTTP/1.1" 200 198
"GET /chat/getMessages/1/ HTTP/1.1" 200 198
"GET /chat/getMessages/1/ HTTP/1.1" 200 198
"GET /docs/ HTTP/1.1" 200 2150
Internal Server Error: /docs/
Traceback (most recent call last):
  File "/Users/Nurik/Desktop/hackaton2/venv/lib/python3.11/site-packages/django/core/handlers/exception.py", line 55, in inner
    response = get_response(request)
               ^^^^^^^^^^^^^^^^^^^^^
  File "/Users/Nurik/Desktop/hackaton2/venv/lib/python3.11/site-packages/django/core/handlers/base.py", line 197, in _get_response
    response = wrapped_callback(request, *callback_args, **callback_kwargs)
               ^^^^^^^^^^^^^^^^^^^^^^^^^^^^^^^^^^^^^^^^^^^^^^^^^^^^^^^^^^^^
  File "/Users/Nurik/Desktop/hackaton2/venv/lib/python3.11/site-packages/django/views/decorators/csrf.py", line 56, in wrapper_view
    return view_func(*args, **kwargs)
           ^^^^^^^^^^^^^^^^^^^^^^^^^^
  File "/Users/Nurik/Desktop/hackaton2/venv/lib/python3.11/site-packages/django/views/generic/base.py", line 104, in view
    return self.dispatch(request, *args, **kwargs)
           ^^^^^^^^^^^^^^^^^^^^^^^^^^^^^^^^^^^^^^^
  File "/Users/Nurik/Desktop/hackaton2/venv/lib/python3.11/site-packages/rest_framework/views.py", line 509, in dispatch
    response = self.handle_exception(exc)
               ^^^^^^^^^^^^^^^^^^^^^^^^^^
  File "/Users/Nurik/Desktop/hackaton2/venv/lib/python3.11/site-packages/rest_framework/views.py", line 469, in handle_exception
    self.raise_uncaught_exception(exc)
  File "/Users/Nurik/Desktop/hackaton2/venv/lib/python3.11/site-packages/rest_framework/views.py", line 480, in raise_uncaught_exception
    raise exc
  File "/Users/Nurik/Desktop/hackaton2/venv/lib/python3.11/site-packages/rest_framework/views.py", line 506, in dispatch
    response = handler(request, *args, **kwargs)
               ^^^^^^^^^^^^^^^^^^^^^^^^^^^^^^^^^
  File "/Users/Nurik/Desktop/hackaton2/venv/lib/python3.11/site-packages/drf_yasg/views.py", line 94, in get
    schema = generator.get_schema(request, self.public)
             ^^^^^^^^^^^^^^^^^^^^^^^^^^^^^^^^^^^^^^^^^^
  File "/Users/Nurik/Desktop/hackaton2/venv/lib/python3.11/site-packages/drf_yasg/generators.py", line 248, in get_schema
    paths, prefix = self.get_paths(endpoints, components, request, public)
                    ^^^^^^^^^^^^^^^^^^^^^^^^^^^^^^^^^^^^^^^^^^^^^^^^^^^^^^
  File "/Users/Nurik/Desktop/hackaton2/venv/lib/python3.11/site-packages/drf_yasg/generators.py", line 406, in get_paths
    operation = self.get_operation(view, path, prefix, method, components, request)
                ^^^^^^^^^^^^^^^^^^^^^^^^^^^^^^^^^^^^^^^^^^^^^^^^^^^^^^^^^^^^^^^^^^^
  File "/Users/Nurik/Desktop/hackaton2/venv/lib/python3.11/site-packages/drf_yasg/generators.py", line 448, in get_operation
    operation = view_inspector.get_operation(operation_keys)
                ^^^^^^^^^^^^^^^^^^^^^^^^^^^^^^^^^^^^^^^^^^^^
  File "/Users/Nurik/Desktop/hackaton2/venv/lib/python3.11/site-packages/drf_yasg/inspectors/view.py", line 33, in get_operation
    query = self.get_query_parameters()
            ^^^^^^^^^^^^^^^^^^^^^^^^^^^
  File "/Users/Nurik/Desktop/hackaton2/venv/lib/python3.11/site-packages/drf_yasg/inspectors/view.py", line 293, in get_query_parameters
    natural_parameters = self.get_filter_parameters() + self.get_pagination_parameters()
                         ^^^^^^^^^^^^^^^^^^^^^^^^^^^^
  File "/Users/Nurik/Desktop/hackaton2/venv/lib/python3.11/site-packages/drf_yasg/inspectors/base.py", line 409, in get_filter_parameters
    fields += self.probe_inspectors(self.filter_inspectors, 'get_filter_parameters', filter_backend()) or []
              ^^^^^^^^^^^^^^^^^^^^^^^^^^^^^^^^^^^^^^^^^^^^^^^^^^^^^^^^^^^^^^^^^^^^^^^^^^^^^^^^^^^^^^^^
  File "/Users/Nurik/Desktop/hackaton2/venv/lib/python3.11/site-packages/drf_yasg/inspectors/base.py", line 110, in probe_inspectors
    result = method(obj, **kwargs)
             ^^^^^^^^^^^^^^^^^^^^^
  File "/Users/Nurik/Desktop/hackaton2/venv/lib/python3.11/site-packages/drf_yasg/inspectors/query.py", line 26, in get_filter_parameters
    fields = filter_backend.get_schema_fields(self.view)
             ^^^^^^^^^^^^^^^^^^^^^^^^^^^^^^^^^^^^^^^^^^^
  File "/Users/Nurik/Desktop/hackaton2/venv/lib/python3.11/site-packages/django_filters/rest_framework/backends.py", line 116, in get_schema_fields
    filterset_class = self.get_filterset_class(view, queryset)
                      ^^^^^^^^^^^^^^^^^^^^^^^^^^^^^^^^^^^^^^^^
  File "/Users/Nurik/Desktop/hackaton2/venv/lib/python3.11/site-packages/django_filters/rest_framework/backends.py", line 51, in get_filterset_class
    class AutoFilterSet(self.filterset_base):
  File "/Users/Nurik/Desktop/hackaton2/venv/lib/python3.11/site-packages/django_filters/filterset.py", line 62, in __new__
    new_class.base_filters = new_class.get_filters()
                             ^^^^^^^^^^^^^^^^^^^^^^^
  File "/Users/Nurik/Desktop/hackaton2/venv/lib/python3.11/site-packages/django_filters/filterset.py", line 349, in get_filters
    raise TypeError(
TypeError: 'Meta.fields' must not contain non-model field names: n, a, m, e
"GET /docs/?format=openapi HTTP/1.1" 500 167941
"GET /chat/getMessages/1/ HTTP/1.1" 200 198
"GET /chat/getMessages/1/ HTTP/1.1" 200 198
"GET /chat/getMessages/1/ HTTP/1.1" 200 198
"GET /chat/getMessages/1/ HTTP/1.1" 200 198
"GET /chat/getMessages/1/ HTTP/1.1" 200 198
"GET /chat/getMessages/1/ HTTP/1.1" 200 198
"GET /chat/getMessages/1/ HTTP/1.1" 200 198
"GET /chat/getMessages/1/ HTTP/1.1" 200 198
Watching for file changes with StatReloader
"GET /chat/getMessages/1/ HTTP/1.1" 200 198
"GET /chat/getMessages/1/ HTTP/1.1" 200 198
"GET /docs/ HTTP/1.1" 200 2150
Internal Server Error: /docs/
Traceback (most recent call last):
  File "/Users/Nurik/Desktop/hackaton2/venv/lib/python3.11/site-packages/django/core/handlers/exception.py", line 55, in inner
    response = get_response(request)
               ^^^^^^^^^^^^^^^^^^^^^
  File "/Users/Nurik/Desktop/hackaton2/venv/lib/python3.11/site-packages/django/core/handlers/base.py", line 197, in _get_response
    response = wrapped_callback(request, *callback_args, **callback_kwargs)
               ^^^^^^^^^^^^^^^^^^^^^^^^^^^^^^^^^^^^^^^^^^^^^^^^^^^^^^^^^^^^
  File "/Users/Nurik/Desktop/hackaton2/venv/lib/python3.11/site-packages/django/views/decorators/csrf.py", line 56, in wrapper_view
    return view_func(*args, **kwargs)
           ^^^^^^^^^^^^^^^^^^^^^^^^^^
  File "/Users/Nurik/Desktop/hackaton2/venv/lib/python3.11/site-packages/django/views/generic/base.py", line 104, in view
    return self.dispatch(request, *args, **kwargs)
           ^^^^^^^^^^^^^^^^^^^^^^^^^^^^^^^^^^^^^^^
  File "/Users/Nurik/Desktop/hackaton2/venv/lib/python3.11/site-packages/rest_framework/views.py", line 509, in dispatch
    response = self.handle_exception(exc)
               ^^^^^^^^^^^^^^^^^^^^^^^^^^
  File "/Users/Nurik/Desktop/hackaton2/venv/lib/python3.11/site-packages/rest_framework/views.py", line 469, in handle_exception
    self.raise_uncaught_exception(exc)
  File "/Users/Nurik/Desktop/hackaton2/venv/lib/python3.11/site-packages/rest_framework/views.py", line 480, in raise_uncaught_exception
    raise exc
  File "/Users/Nurik/Desktop/hackaton2/venv/lib/python3.11/site-packages/rest_framework/views.py", line 506, in dispatch
    response = handler(request, *args, **kwargs)
               ^^^^^^^^^^^^^^^^^^^^^^^^^^^^^^^^^
  File "/Users/Nurik/Desktop/hackaton2/venv/lib/python3.11/site-packages/drf_yasg/views.py", line 94, in get
    schema = generator.get_schema(request, self.public)
             ^^^^^^^^^^^^^^^^^^^^^^^^^^^^^^^^^^^^^^^^^^
  File "/Users/Nurik/Desktop/hackaton2/venv/lib/python3.11/site-packages/drf_yasg/generators.py", line 248, in get_schema
    paths, prefix = self.get_paths(endpoints, components, request, public)
                    ^^^^^^^^^^^^^^^^^^^^^^^^^^^^^^^^^^^^^^^^^^^^^^^^^^^^^^
  File "/Users/Nurik/Desktop/hackaton2/venv/lib/python3.11/site-packages/drf_yasg/generators.py", line 406, in get_paths
    operation = self.get_operation(view, path, prefix, method, components, request)
                ^^^^^^^^^^^^^^^^^^^^^^^^^^^^^^^^^^^^^^^^^^^^^^^^^^^^^^^^^^^^^^^^^^^
  File "/Users/Nurik/Desktop/hackaton2/venv/lib/python3.11/site-packages/drf_yasg/generators.py", line 448, in get_operation
    operation = view_inspector.get_operation(operation_keys)
                ^^^^^^^^^^^^^^^^^^^^^^^^^^^^^^^^^^^^^^^^^^^^
  File "/Users/Nurik/Desktop/hackaton2/venv/lib/python3.11/site-packages/drf_yasg/inspectors/view.py", line 33, in get_operation
    query = self.get_query_parameters()
            ^^^^^^^^^^^^^^^^^^^^^^^^^^^
  File "/Users/Nurik/Desktop/hackaton2/venv/lib/python3.11/site-packages/drf_yasg/inspectors/view.py", line 293, in get_query_parameters
    natural_parameters = self.get_filter_parameters() + self.get_pagination_parameters()
                         ^^^^^^^^^^^^^^^^^^^^^^^^^^^^
  File "/Users/Nurik/Desktop/hackaton2/venv/lib/python3.11/site-packages/drf_yasg/inspectors/base.py", line 409, in get_filter_parameters
    fields += self.probe_inspectors(self.filter_inspectors, 'get_filter_parameters', filter_backend()) or []
              ^^^^^^^^^^^^^^^^^^^^^^^^^^^^^^^^^^^^^^^^^^^^^^^^^^^^^^^^^^^^^^^^^^^^^^^^^^^^^^^^^^^^^^^^
  File "/Users/Nurik/Desktop/hackaton2/venv/lib/python3.11/site-packages/drf_yasg/inspectors/base.py", line 110, in probe_inspectors
    result = method(obj, **kwargs)
             ^^^^^^^^^^^^^^^^^^^^^
  File "/Users/Nurik/Desktop/hackaton2/venv/lib/python3.11/site-packages/drf_yasg/inspectors/query.py", line 26, in get_filter_parameters
    fields = filter_backend.get_schema_fields(self.view)
             ^^^^^^^^^^^^^^^^^^^^^^^^^^^^^^^^^^^^^^^^^^^
  File "/Users/Nurik/Desktop/hackaton2/venv/lib/python3.11/site-packages/django_filters/rest_framework/backends.py", line 116, in get_schema_fields
    filterset_class = self.get_filterset_class(view, queryset)
                      ^^^^^^^^^^^^^^^^^^^^^^^^^^^^^^^^^^^^^^^^
  File "/Users/Nurik/Desktop/hackaton2/venv/lib/python3.11/site-packages/django_filters/rest_framework/backends.py", line 51, in get_filterset_class
    class AutoFilterSet(self.filterset_base):
  File "/Users/Nurik/Desktop/hackaton2/venv/lib/python3.11/site-packages/django_filters/filterset.py", line 62, in __new__
    new_class.base_filters = new_class.get_filters()
                             ^^^^^^^^^^^^^^^^^^^^^^^
  File "/Users/Nurik/Desktop/hackaton2/venv/lib/python3.11/site-packages/django_filters/filterset.py", line 349, in get_filters
    raise TypeError(
TypeError: 'Meta.fields' must not contain non-model field names: n, a, m, e
"GET /docs/?format=openapi HTTP/1.1" 500 167941
"GET /chat/getMessages/1/ HTTP/1.1" 200 198
"GET /chat/getMessages/1/ HTTP/1.1" 200 198
"GET /chat/getMessages/1/ HTTP/1.1" 200 198
"GET /chat/getMessages/1/ HTTP/1.1" 200 198
"GET /chat/getMessages/1/ HTTP/1.1" 200 198
"GET /chat/getMessages/1/ HTTP/1.1" 200 198
"GET /chat/getMessages/1/ HTTP/1.1" 200 198
"GET /chat/getMessages/1/ HTTP/1.1" 200 198
"GET /chat/getMessages/1/ HTTP/1.1" 200 198
"GET /chat/getMessages/1/ HTTP/1.1" 200 198
"GET /chat/getMessages/1/ HTTP/1.1" 200 198
"GET /chat/getMessages/1/ HTTP/1.1" 200 198
"GET /chat/getMessages/1/ HTTP/1.1" 200 198
"GET /chat/getMessages/1/ HTTP/1.1" 200 198
"GET /chat/getMessages/1/ HTTP/1.1" 200 198
"GET /chat/getMessages/1/ HTTP/1.1" 200 198
"GET /chat/getMessages/1/ HTTP/1.1" 200 198
"GET /chat/getMessages/1/ HTTP/1.1" 200 198
"GET /chat/getMessages/1/ HTTP/1.1" 200 198
"GET /chat/getMessages/1/ HTTP/1.1" 200 198
"GET /chat/getMessages/1/ HTTP/1.1" 200 198
"GET /chat/getMessages/1/ HTTP/1.1" 200 198
"GET /chat/getMessages/1/ HTTP/1.1" 200 198
"GET /chat/getMessages/1/ HTTP/1.1" 200 198
"GET /chat/getMessages/1/ HTTP/1.1" 200 198
"GET /chat/getMessages/1/ HTTP/1.1" 200 198
"GET /chat/getMessages/1/ HTTP/1.1" 200 198
"GET /chat/getMessages/1/ HTTP/1.1" 200 198
"GET /chat/getMessages/1/ HTTP/1.1" 200 198
"GET /chat/getMessages/1/ HTTP/1.1" 200 198
"GET /chat/getMessages/1/ HTTP/1.1" 200 198
"GET /chat/getMessages/1/ HTTP/1.1" 200 198
"GET /chat/getMessages/1/ HTTP/1.1" 200 198
"GET /chat/getMessages/1/ HTTP/1.1" 200 198
"GET /chat/getMessages/1/ HTTP/1.1" 200 198
"GET /chat/getMessages/1/ HTTP/1.1" 200 198
"GET /chat/getMessages/1/ HTTP/1.1" 200 198
"GET /chat/getMessages/1/ HTTP/1.1" 200 198
"GET /chat/getMessages/1/ HTTP/1.1" 200 198
"GET /chat/getMessages/1/ HTTP/1.1" 200 198
"GET /chat/getMessages/1/ HTTP/1.1" 200 198
"GET /chat/getMessages/1/ HTTP/1.1" 200 198
"GET /chat/getMessages/1/ HTTP/1.1" 200 198
"GET /chat/getMessages/1/ HTTP/1.1" 200 198
"GET /chat/getMessages/1/ HTTP/1.1" 200 198
"GET /chat/getMessages/1/ HTTP/1.1" 200 198
"GET /chat/getMessages/1/ HTTP/1.1" 200 198
"GET /chat/getMessages/1/ HTTP/1.1" 200 198
"GET /chat/getMessages/1/ HTTP/1.1" 200 198
"GET /chat/getMessages/1/ HTTP/1.1" 200 198
"GET /chat/getMessages/1/ HTTP/1.1" 200 198
"GET /chat/getMessages/1/ HTTP/1.1" 200 198
"GET /chat/getMessages/1/ HTTP/1.1" 200 198
"GET /chat/getMessages/1/ HTTP/1.1" 200 198
"GET /chat/getMessages/1/ HTTP/1.1" 200 198
"GET /chat/getMessages/1/ HTTP/1.1" 200 198
"GET /chat/getMessages/1/ HTTP/1.1" 200 198
"GET /chat/getMessages/1/ HTTP/1.1" 200 198
"GET /chat/getMessages/1/ HTTP/1.1" 200 198
"GET /chat/getMessages/1/ HTTP/1.1" 200 198
"GET /chat/getMessages/1/ HTTP/1.1" 200 198
"GET /chat/getMessages/1/ HTTP/1.1" 200 198
"GET /chat/getMessages/1/ HTTP/1.1" 200 198
"GET /chat/getMessages/1/ HTTP/1.1" 200 198
"GET /chat/getMessages/1/ HTTP/1.1" 200 198
"GET /chat/getMessages/1/ HTTP/1.1" 200 198
"GET /chat/getMessages/1/ HTTP/1.1" 200 198
"GET /chat/getMessages/1/ HTTP/1.1" 200 198
"GET /chat/getMessages/1/ HTTP/1.1" 200 198
"GET /chat/getMessages/1/ HTTP/1.1" 200 198
"GET /chat/getMessages/1/ HTTP/1.1" 200 198
"GET /chat/getMessages/1/ HTTP/1.1" 200 198
"GET /chat/getMessages/1/ HTTP/1.1" 200 198
"GET /chat/getMessages/1/ HTTP/1.1" 200 198
"GET /chat/getMessages/1/ HTTP/1.1" 200 198
"GET /chat/getMessages/1/ HTTP/1.1" 200 198
"GET /chat/getMessages/1/ HTTP/1.1" 200 198
"GET /chat/getMessages/1/ HTTP/1.1" 200 198
"GET /chat/getMessages/1/ HTTP/1.1" 200 198
"GET /chat/getMessages/1/ HTTP/1.1" 200 198
"GET /chat/getMessages/1/ HTTP/1.1" 200 198
"GET /chat/getMessages/1/ HTTP/1.1" 200 198
"GET /chat/getMessages/1/ HTTP/1.1" 200 198
"GET /chat/getMessages/1/ HTTP/1.1" 200 198
"GET /chat/getMessages/1/ HTTP/1.1" 200 198
"GET /chat/getMessages/1/ HTTP/1.1" 200 198
"GET /chat/getMessages/1/ HTTP/1.1" 200 198
"GET /chat/getMessages/1/ HTTP/1.1" 200 198
"GET /chat/getMessages/1/ HTTP/1.1" 200 198
"GET /chat/getMessages/1/ HTTP/1.1" 200 198
"GET /chat/getMessages/1/ HTTP/1.1" 200 198
"GET /chat/getMessages/1/ HTTP/1.1" 200 198
"GET /chat/getMessages/1/ HTTP/1.1" 200 198
"GET /chat/getMessages/1/ HTTP/1.1" 200 198
"GET /chat/getMessages/1/ HTTP/1.1" 200 198
"GET /chat/getMessages/1/ HTTP/1.1" 200 198
"GET /chat/getMessages/1/ HTTP/1.1" 200 198
"GET /chat/getMessages/1/ HTTP/1.1" 200 198
"GET /chat/getMessages/1/ HTTP/1.1" 200 198
"GET /chat/getMessages/1/ HTTP/1.1" 200 198
"GET /chat/getMessages/1/ HTTP/1.1" 200 198
"GET /chat/getMessages/1/ HTTP/1.1" 200 198
"GET /chat/getMessages/1/ HTTP/1.1" 200 198
"GET /chat/getMessages/1/ HTTP/1.1" 200 198
"GET /chat/getMessages/1/ HTTP/1.1" 200 198
"GET /chat/getMessages/1/ HTTP/1.1" 200 198
"GET /chat/getMessages/1/ HTTP/1.1" 200 198
"GET /chat/getMessages/1/ HTTP/1.1" 200 198
"GET /chat/getMessages/1/ HTTP/1.1" 200 198
"GET /chat/getMessages/1/ HTTP/1.1" 200 198
"GET /chat/getMessages/1/ HTTP/1.1" 200 198
"GET /chat/getMessages/1/ HTTP/1.1" 200 198
"GET /chat/getMessages/1/ HTTP/1.1" 200 198
"GET /chat/getMessages/1/ HTTP/1.1" 200 198
"GET /chat/getMessages/1/ HTTP/1.1" 200 198
"GET /chat/getMessages/1/ HTTP/1.1" 200 198
"GET /chat/getMessages/1/ HTTP/1.1" 200 198
"GET /chat/getMessages/1/ HTTP/1.1" 200 198
"GET /chat/getMessages/1/ HTTP/1.1" 200 198
"GET /chat/getMessages/1/ HTTP/1.1" 200 198
/Users/Nurik/Desktop/hackaton2/review/views.py changed, reloading.
Watching for file changes with StatReloader
"GET /chat/getMessages/1/ HTTP/1.1" 200 198
"GET /chat/getMessages/1/ HTTP/1.1" 200 198
"GET /chat/getMessages/1/ HTTP/1.1" 200 198
"GET /chat/getMessages/1/ HTTP/1.1" 200 198
/Users/Nurik/Desktop/hackaton2/review/views.py changed, reloading.
Watching for file changes with StatReloader
"GET /chat/getMessages/1/ HTTP/1.1" 200 198
"GET /chat/getMessages/1/ HTTP/1.1" 200 198
Internal Server Error: /docs/
Traceback (most recent call last):
  File "/Users/Nurik/Desktop/hackaton2/venv/lib/python3.11/site-packages/django/core/handlers/exception.py", line 55, in inner
    response = get_response(request)
               ^^^^^^^^^^^^^^^^^^^^^
  File "/Users/Nurik/Desktop/hackaton2/venv/lib/python3.11/site-packages/django/core/handlers/base.py", line 197, in _get_response
    response = wrapped_callback(request, *callback_args, **callback_kwargs)
               ^^^^^^^^^^^^^^^^^^^^^^^^^^^^^^^^^^^^^^^^^^^^^^^^^^^^^^^^^^^^
  File "/Users/Nurik/Desktop/hackaton2/venv/lib/python3.11/site-packages/django/views/decorators/csrf.py", line 56, in wrapper_view
    return view_func(*args, **kwargs)
           ^^^^^^^^^^^^^^^^^^^^^^^^^^
  File "/Users/Nurik/Desktop/hackaton2/venv/lib/python3.11/site-packages/django/views/generic/base.py", line 104, in view
    return self.dispatch(request, *args, **kwargs)
           ^^^^^^^^^^^^^^^^^^^^^^^^^^^^^^^^^^^^^^^
  File "/Users/Nurik/Desktop/hackaton2/venv/lib/python3.11/site-packages/rest_framework/views.py", line 509, in dispatch
    response = self.handle_exception(exc)
               ^^^^^^^^^^^^^^^^^^^^^^^^^^
  File "/Users/Nurik/Desktop/hackaton2/venv/lib/python3.11/site-packages/rest_framework/views.py", line 469, in handle_exception
    self.raise_uncaught_exception(exc)
  File "/Users/Nurik/Desktop/hackaton2/venv/lib/python3.11/site-packages/rest_framework/views.py", line 480, in raise_uncaught_exception
    raise exc
  File "/Users/Nurik/Desktop/hackaton2/venv/lib/python3.11/site-packages/rest_framework/views.py", line 506, in dispatch
    response = handler(request, *args, **kwargs)
               ^^^^^^^^^^^^^^^^^^^^^^^^^^^^^^^^^
  File "/Users/Nurik/Desktop/hackaton2/venv/lib/python3.11/site-packages/drf_yasg/views.py", line 94, in get
    schema = generator.get_schema(request, self.public)
             ^^^^^^^^^^^^^^^^^^^^^^^^^^^^^^^^^^^^^^^^^^
  File "/Users/Nurik/Desktop/hackaton2/venv/lib/python3.11/site-packages/drf_yasg/generators.py", line 248, in get_schema
    paths, prefix = self.get_paths(endpoints, components, request, public)
                    ^^^^^^^^^^^^^^^^^^^^^^^^^^^^^^^^^^^^^^^^^^^^^^^^^^^^^^
  File "/Users/Nurik/Desktop/hackaton2/venv/lib/python3.11/site-packages/drf_yasg/generators.py", line 406, in get_paths
    operation = self.get_operation(view, path, prefix, method, components, request)
                ^^^^^^^^^^^^^^^^^^^^^^^^^^^^^^^^^^^^^^^^^^^^^^^^^^^^^^^^^^^^^^^^^^^
  File "/Users/Nurik/Desktop/hackaton2/venv/lib/python3.11/site-packages/drf_yasg/generators.py", line 448, in get_operation
    operation = view_inspector.get_operation(operation_keys)
                ^^^^^^^^^^^^^^^^^^^^^^^^^^^^^^^^^^^^^^^^^^^^
  File "/Users/Nurik/Desktop/hackaton2/venv/lib/python3.11/site-packages/drf_yasg/inspectors/view.py", line 33, in get_operation
    query = self.get_query_parameters()
            ^^^^^^^^^^^^^^^^^^^^^^^^^^^
  File "/Users/Nurik/Desktop/hackaton2/venv/lib/python3.11/site-packages/drf_yasg/inspectors/view.py", line 293, in get_query_parameters
    natural_parameters = self.get_filter_parameters() + self.get_pagination_parameters()
                         ^^^^^^^^^^^^^^^^^^^^^^^^^^^^
  File "/Users/Nurik/Desktop/hackaton2/venv/lib/python3.11/site-packages/drf_yasg/inspectors/base.py", line 409, in get_filter_parameters
    fields += self.probe_inspectors(self.filter_inspectors, 'get_filter_parameters', filter_backend()) or []
              ^^^^^^^^^^^^^^^^^^^^^^^^^^^^^^^^^^^^^^^^^^^^^^^^^^^^^^^^^^^^^^^^^^^^^^^^^^^^^^^^^^^^^^^^
  File "/Users/Nurik/Desktop/hackaton2/venv/lib/python3.11/site-packages/drf_yasg/inspectors/base.py", line 110, in probe_inspectors
    result = method(obj, **kwargs)
             ^^^^^^^^^^^^^^^^^^^^^
  File "/Users/Nurik/Desktop/hackaton2/venv/lib/python3.11/site-packages/drf_yasg/inspectors/query.py", line 26, in get_filter_parameters
    fields = filter_backend.get_schema_fields(self.view)
             ^^^^^^^^^^^^^^^^^^^^^^^^^^^^^^^^^^^^^^^^^^^
  File "/Users/Nurik/Desktop/hackaton2/venv/lib/python3.11/site-packages/django_filters/rest_framework/backends.py", line 116, in get_schema_fields
    filterset_class = self.get_filterset_class(view, queryset)
                      ^^^^^^^^^^^^^^^^^^^^^^^^^^^^^^^^^^^^^^^^
  File "/Users/Nurik/Desktop/hackaton2/venv/lib/python3.11/site-packages/django_filters/rest_framework/backends.py", line 51, in get_filterset_class
    class AutoFilterSet(self.filterset_base):
  File "/Users/Nurik/Desktop/hackaton2/venv/lib/python3.11/site-packages/django_filters/filterset.py", line 62, in __new__
    new_class.base_filters = new_class.get_filters()
                             ^^^^^^^^^^^^^^^^^^^^^^^
  File "/Users/Nurik/Desktop/hackaton2/venv/lib/python3.11/site-packages/django_filters/filterset.py", line 349, in get_filters
    raise TypeError(
TypeError: 'Meta.fields' must not contain non-model field names: n, a, m, e
"GET /docs/?format=openapi HTTP/1.1" 500 167890
"GET /chat/getMessages/1/ HTTP/1.1" 200 198
"GET /chat/getMessages/1/ HTTP/1.1" 200 198
"GET /chat/getMessages/1/ HTTP/1.1" 200 198
Watching for file changes with StatReloader
"GET /chat/getMessages/1/ HTTP/1.1" 200 198
Internal Server Error: /docs/
Traceback (most recent call last):
  File "/Users/Nurik/Desktop/hackaton2/venv/lib/python3.11/site-packages/django/core/handlers/exception.py", line 55, in inner
    response = get_response(request)
               ^^^^^^^^^^^^^^^^^^^^^
  File "/Users/Nurik/Desktop/hackaton2/venv/lib/python3.11/site-packages/django/core/handlers/base.py", line 197, in _get_response
    response = wrapped_callback(request, *callback_args, **callback_kwargs)
               ^^^^^^^^^^^^^^^^^^^^^^^^^^^^^^^^^^^^^^^^^^^^^^^^^^^^^^^^^^^^
  File "/Users/Nurik/Desktop/hackaton2/venv/lib/python3.11/site-packages/django/views/decorators/csrf.py", line 56, in wrapper_view
    return view_func(*args, **kwargs)
           ^^^^^^^^^^^^^^^^^^^^^^^^^^
  File "/Users/Nurik/Desktop/hackaton2/venv/lib/python3.11/site-packages/django/views/generic/base.py", line 104, in view
    return self.dispatch(request, *args, **kwargs)
           ^^^^^^^^^^^^^^^^^^^^^^^^^^^^^^^^^^^^^^^
  File "/Users/Nurik/Desktop/hackaton2/venv/lib/python3.11/site-packages/rest_framework/views.py", line 509, in dispatch
    response = self.handle_exception(exc)
               ^^^^^^^^^^^^^^^^^^^^^^^^^^
  File "/Users/Nurik/Desktop/hackaton2/venv/lib/python3.11/site-packages/rest_framework/views.py", line 469, in handle_exception
    self.raise_uncaught_exception(exc)
  File "/Users/Nurik/Desktop/hackaton2/venv/lib/python3.11/site-packages/rest_framework/views.py", line 480, in raise_uncaught_exception
    raise exc
  File "/Users/Nurik/Desktop/hackaton2/venv/lib/python3.11/site-packages/rest_framework/views.py", line 506, in dispatch
    response = handler(request, *args, **kwargs)
               ^^^^^^^^^^^^^^^^^^^^^^^^^^^^^^^^^
  File "/Users/Nurik/Desktop/hackaton2/venv/lib/python3.11/site-packages/drf_yasg/views.py", line 94, in get
    schema = generator.get_schema(request, self.public)
             ^^^^^^^^^^^^^^^^^^^^^^^^^^^^^^^^^^^^^^^^^^
  File "/Users/Nurik/Desktop/hackaton2/venv/lib/python3.11/site-packages/drf_yasg/generators.py", line 248, in get_schema
    paths, prefix = self.get_paths(endpoints, components, request, public)
                    ^^^^^^^^^^^^^^^^^^^^^^^^^^^^^^^^^^^^^^^^^^^^^^^^^^^^^^
  File "/Users/Nurik/Desktop/hackaton2/venv/lib/python3.11/site-packages/drf_yasg/generators.py", line 406, in get_paths
    operation = self.get_operation(view, path, prefix, method, components, request)
                ^^^^^^^^^^^^^^^^^^^^^^^^^^^^^^^^^^^^^^^^^^^^^^^^^^^^^^^^^^^^^^^^^^^
  File "/Users/Nurik/Desktop/hackaton2/venv/lib/python3.11/site-packages/drf_yasg/generators.py", line 448, in get_operation
    operation = view_inspector.get_operation(operation_keys)
                ^^^^^^^^^^^^^^^^^^^^^^^^^^^^^^^^^^^^^^^^^^^^
  File "/Users/Nurik/Desktop/hackaton2/venv/lib/python3.11/site-packages/drf_yasg/inspectors/view.py", line 33, in get_operation
    query = self.get_query_parameters()
            ^^^^^^^^^^^^^^^^^^^^^^^^^^^
  File "/Users/Nurik/Desktop/hackaton2/venv/lib/python3.11/site-packages/drf_yasg/inspectors/view.py", line 293, in get_query_parameters
    natural_parameters = self.get_filter_parameters() + self.get_pagination_parameters()
                         ^^^^^^^^^^^^^^^^^^^^^^^^^^^^
  File "/Users/Nurik/Desktop/hackaton2/venv/lib/python3.11/site-packages/drf_yasg/inspectors/base.py", line 409, in get_filter_parameters
    fields += self.probe_inspectors(self.filter_inspectors, 'get_filter_parameters', filter_backend()) or []
              ^^^^^^^^^^^^^^^^^^^^^^^^^^^^^^^^^^^^^^^^^^^^^^^^^^^^^^^^^^^^^^^^^^^^^^^^^^^^^^^^^^^^^^^^
  File "/Users/Nurik/Desktop/hackaton2/venv/lib/python3.11/site-packages/drf_yasg/inspectors/base.py", line 110, in probe_inspectors
    result = method(obj, **kwargs)
             ^^^^^^^^^^^^^^^^^^^^^
  File "/Users/Nurik/Desktop/hackaton2/venv/lib/python3.11/site-packages/drf_yasg/inspectors/query.py", line 26, in get_filter_parameters
    fields = filter_backend.get_schema_fields(self.view)
             ^^^^^^^^^^^^^^^^^^^^^^^^^^^^^^^^^^^^^^^^^^^
  File "/Users/Nurik/Desktop/hackaton2/venv/lib/python3.11/site-packages/django_filters/rest_framework/backends.py", line 116, in get_schema_fields
    filterset_class = self.get_filterset_class(view, queryset)
                      ^^^^^^^^^^^^^^^^^^^^^^^^^^^^^^^^^^^^^^^^
  File "/Users/Nurik/Desktop/hackaton2/venv/lib/python3.11/site-packages/django_filters/rest_framework/backends.py", line 51, in get_filterset_class
    class AutoFilterSet(self.filterset_base):
  File "/Users/Nurik/Desktop/hackaton2/venv/lib/python3.11/site-packages/django_filters/filterset.py", line 62, in __new__
    new_class.base_filters = new_class.get_filters()
                             ^^^^^^^^^^^^^^^^^^^^^^^
  File "/Users/Nurik/Desktop/hackaton2/venv/lib/python3.11/site-packages/django_filters/filterset.py", line 349, in get_filters
    raise TypeError(
TypeError: 'Meta.fields' must not contain non-model field names: n, a, m, e
"GET /docs/?format=openapi HTTP/1.1" 500 167890
"GET /chat/getMessages/1/ HTTP/1.1" 200 198
Internal Server Error: /docs/
Traceback (most recent call last):
  File "/Users/Nurik/Desktop/hackaton2/venv/lib/python3.11/site-packages/django/core/handlers/exception.py", line 55, in inner
    response = get_response(request)
               ^^^^^^^^^^^^^^^^^^^^^
  File "/Users/Nurik/Desktop/hackaton2/venv/lib/python3.11/site-packages/django/core/handlers/base.py", line 197, in _get_response
    response = wrapped_callback(request, *callback_args, **callback_kwargs)
               ^^^^^^^^^^^^^^^^^^^^^^^^^^^^^^^^^^^^^^^^^^^^^^^^^^^^^^^^^^^^
  File "/Users/Nurik/Desktop/hackaton2/venv/lib/python3.11/site-packages/django/views/decorators/csrf.py", line 56, in wrapper_view
    return view_func(*args, **kwargs)
           ^^^^^^^^^^^^^^^^^^^^^^^^^^
  File "/Users/Nurik/Desktop/hackaton2/venv/lib/python3.11/site-packages/django/views/generic/base.py", line 104, in view
    return self.dispatch(request, *args, **kwargs)
           ^^^^^^^^^^^^^^^^^^^^^^^^^^^^^^^^^^^^^^^
  File "/Users/Nurik/Desktop/hackaton2/venv/lib/python3.11/site-packages/rest_framework/views.py", line 509, in dispatch
    response = self.handle_exception(exc)
               ^^^^^^^^^^^^^^^^^^^^^^^^^^
  File "/Users/Nurik/Desktop/hackaton2/venv/lib/python3.11/site-packages/rest_framework/views.py", line 469, in handle_exception
    self.raise_uncaught_exception(exc)
  File "/Users/Nurik/Desktop/hackaton2/venv/lib/python3.11/site-packages/rest_framework/views.py", line 480, in raise_uncaught_exception
    raise exc
  File "/Users/Nurik/Desktop/hackaton2/venv/lib/python3.11/site-packages/rest_framework/views.py", line 506, in dispatch
    response = handler(request, *args, **kwargs)
               ^^^^^^^^^^^^^^^^^^^^^^^^^^^^^^^^^
  File "/Users/Nurik/Desktop/hackaton2/venv/lib/python3.11/site-packages/drf_yasg/views.py", line 94, in get
    schema = generator.get_schema(request, self.public)
             ^^^^^^^^^^^^^^^^^^^^^^^^^^^^^^^^^^^^^^^^^^
  File "/Users/Nurik/Desktop/hackaton2/venv/lib/python3.11/site-packages/drf_yasg/generators.py", line 248, in get_schema
    paths, prefix = self.get_paths(endpoints, components, request, public)
                    ^^^^^^^^^^^^^^^^^^^^^^^^^^^^^^^^^^^^^^^^^^^^^^^^^^^^^^
  File "/Users/Nurik/Desktop/hackaton2/venv/lib/python3.11/site-packages/drf_yasg/generators.py", line 406, in get_paths
    operation = self.get_operation(view, path, prefix, method, components, request)
                ^^^^^^^^^^^^^^^^^^^^^^^^^^^^^^^^^^^^^^^^^^^^^^^^^^^^^^^^^^^^^^^^^^^
  File "/Users/Nurik/Desktop/hackaton2/venv/lib/python3.11/site-packages/drf_yasg/generators.py", line 448, in get_operation
    operation = view_inspector.get_operation(operation_keys)
                ^^^^^^^^^^^^^^^^^^^^^^^^^^^^^^^^^^^^^^^^^^^^
  File "/Users/Nurik/Desktop/hackaton2/venv/lib/python3.11/site-packages/drf_yasg/inspectors/view.py", line 33, in get_operation
    query = self.get_query_parameters()
            ^^^^^^^^^^^^^^^^^^^^^^^^^^^
  File "/Users/Nurik/Desktop/hackaton2/venv/lib/python3.11/site-packages/drf_yasg/inspectors/view.py", line 293, in get_query_parameters
    natural_parameters = self.get_filter_parameters() + self.get_pagination_parameters()
                         ^^^^^^^^^^^^^^^^^^^^^^^^^^^^
  File "/Users/Nurik/Desktop/hackaton2/venv/lib/python3.11/site-packages/drf_yasg/inspectors/base.py", line 409, in get_filter_parameters
    fields += self.probe_inspectors(self.filter_inspectors, 'get_filter_parameters', filter_backend()) or []
              ^^^^^^^^^^^^^^^^^^^^^^^^^^^^^^^^^^^^^^^^^^^^^^^^^^^^^^^^^^^^^^^^^^^^^^^^^^^^^^^^^^^^^^^^
  File "/Users/Nurik/Desktop/hackaton2/venv/lib/python3.11/site-packages/drf_yasg/inspectors/base.py", line 110, in probe_inspectors
    result = method(obj, **kwargs)
             ^^^^^^^^^^^^^^^^^^^^^
  File "/Users/Nurik/Desktop/hackaton2/venv/lib/python3.11/site-packages/drf_yasg/inspectors/query.py", line 26, in get_filter_parameters
    fields = filter_backend.get_schema_fields(self.view)
             ^^^^^^^^^^^^^^^^^^^^^^^^^^^^^^^^^^^^^^^^^^^
  File "/Users/Nurik/Desktop/hackaton2/venv/lib/python3.11/site-packages/django_filters/rest_framework/backends.py", line 116, in get_schema_fields
    filterset_class = self.get_filterset_class(view, queryset)
                      ^^^^^^^^^^^^^^^^^^^^^^^^^^^^^^^^^^^^^^^^
  File "/Users/Nurik/Desktop/hackaton2/venv/lib/python3.11/site-packages/django_filters/rest_framework/backends.py", line 51, in get_filterset_class
    class AutoFilterSet(self.filterset_base):
  File "/Users/Nurik/Desktop/hackaton2/venv/lib/python3.11/site-packages/django_filters/filterset.py", line 62, in __new__
    new_class.base_filters = new_class.get_filters()
                             ^^^^^^^^^^^^^^^^^^^^^^^
  File "/Users/Nurik/Desktop/hackaton2/venv/lib/python3.11/site-packages/django_filters/filterset.py", line 349, in get_filters
    raise TypeError(
TypeError: 'Meta.fields' must not contain non-model field names: n, a, m, e
"GET /docs/?format=openapi HTTP/1.1" 500 167890
Internal Server Error: /docs/
Traceback (most recent call last):
  File "/Users/Nurik/Desktop/hackaton2/venv/lib/python3.11/site-packages/django/core/handlers/exception.py", line 55, in inner
    response = get_response(request)
               ^^^^^^^^^^^^^^^^^^^^^
  File "/Users/Nurik/Desktop/hackaton2/venv/lib/python3.11/site-packages/django/core/handlers/base.py", line 197, in _get_response
    response = wrapped_callback(request, *callback_args, **callback_kwargs)
               ^^^^^^^^^^^^^^^^^^^^^^^^^^^^^^^^^^^^^^^^^^^^^^^^^^^^^^^^^^^^
  File "/Users/Nurik/Desktop/hackaton2/venv/lib/python3.11/site-packages/django/views/decorators/csrf.py", line 56, in wrapper_view
    return view_func(*args, **kwargs)
           ^^^^^^^^^^^^^^^^^^^^^^^^^^
  File "/Users/Nurik/Desktop/hackaton2/venv/lib/python3.11/site-packages/django/views/generic/base.py", line 104, in view
    return self.dispatch(request, *args, **kwargs)
           ^^^^^^^^^^^^^^^^^^^^^^^^^^^^^^^^^^^^^^^
  File "/Users/Nurik/Desktop/hackaton2/venv/lib/python3.11/site-packages/rest_framework/views.py", line 509, in dispatch
    response = self.handle_exception(exc)
               ^^^^^^^^^^^^^^^^^^^^^^^^^^
  File "/Users/Nurik/Desktop/hackaton2/venv/lib/python3.11/site-packages/rest_framework/views.py", line 469, in handle_exception
    self.raise_uncaught_exception(exc)
  File "/Users/Nurik/Desktop/hackaton2/venv/lib/python3.11/site-packages/rest_framework/views.py", line 480, in raise_uncaught_exception
    raise exc
  File "/Users/Nurik/Desktop/hackaton2/venv/lib/python3.11/site-packages/rest_framework/views.py", line 506, in dispatch
    response = handler(request, *args, **kwargs)
               ^^^^^^^^^^^^^^^^^^^^^^^^^^^^^^^^^
  File "/Users/Nurik/Desktop/hackaton2/venv/lib/python3.11/site-packages/drf_yasg/views.py", line 94, in get
    schema = generator.get_schema(request, self.public)
             ^^^^^^^^^^^^^^^^^^^^^^^^^^^^^^^^^^^^^^^^^^
  File "/Users/Nurik/Desktop/hackaton2/venv/lib/python3.11/site-packages/drf_yasg/generators.py", line 248, in get_schema
    paths, prefix = self.get_paths(endpoints, components, request, public)
                    ^^^^^^^^^^^^^^^^^^^^^^^^^^^^^^^^^^^^^^^^^^^^^^^^^^^^^^
  File "/Users/Nurik/Desktop/hackaton2/venv/lib/python3.11/site-packages/drf_yasg/generators.py", line 406, in get_paths
    operation = self.get_operation(view, path, prefix, method, components, request)
                ^^^^^^^^^^^^^^^^^^^^^^^^^^^^^^^^^^^^^^^^^^^^^^^^^^^^^^^^^^^^^^^^^^^
  File "/Users/Nurik/Desktop/hackaton2/venv/lib/python3.11/site-packages/drf_yasg/generators.py", line 448, in get_operation
    operation = view_inspector.get_operation(operation_keys)
                ^^^^^^^^^^^^^^^^^^^^^^^^^^^^^^^^^^^^^^^^^^^^
  File "/Users/Nurik/Desktop/hackaton2/venv/lib/python3.11/site-packages/drf_yasg/inspectors/view.py", line 33, in get_operation
    query = self.get_query_parameters()
            ^^^^^^^^^^^^^^^^^^^^^^^^^^^
  File "/Users/Nurik/Desktop/hackaton2/venv/lib/python3.11/site-packages/drf_yasg/inspectors/view.py", line 293, in get_query_parameters
    natural_parameters = self.get_filter_parameters() + self.get_pagination_parameters()
                         ^^^^^^^^^^^^^^^^^^^^^^^^^^^^
  File "/Users/Nurik/Desktop/hackaton2/venv/lib/python3.11/site-packages/drf_yasg/inspectors/base.py", line 409, in get_filter_parameters
    fields += self.probe_inspectors(self.filter_inspectors, 'get_filter_parameters', filter_backend()) or []
              ^^^^^^^^^^^^^^^^^^^^^^^^^^^^^^^^^^^^^^^^^^^^^^^^^^^^^^^^^^^^^^^^^^^^^^^^^^^^^^^^^^^^^^^^
  File "/Users/Nurik/Desktop/hackaton2/venv/lib/python3.11/site-packages/drf_yasg/inspectors/base.py", line 110, in probe_inspectors
    result = method(obj, **kwargs)
             ^^^^^^^^^^^^^^^^^^^^^
  File "/Users/Nurik/Desktop/hackaton2/venv/lib/python3.11/site-packages/drf_yasg/inspectors/query.py", line 26, in get_filter_parameters
    fields = filter_backend.get_schema_fields(self.view)
             ^^^^^^^^^^^^^^^^^^^^^^^^^^^^^^^^^^^^^^^^^^^
  File "/Users/Nurik/Desktop/hackaton2/venv/lib/python3.11/site-packages/django_filters/rest_framework/backends.py", line 116, in get_schema_fields
    filterset_class = self.get_filterset_class(view, queryset)
                      ^^^^^^^^^^^^^^^^^^^^^^^^^^^^^^^^^^^^^^^^
  File "/Users/Nurik/Desktop/hackaton2/venv/lib/python3.11/site-packages/django_filters/rest_framework/backends.py", line 51, in get_filterset_class
    class AutoFilterSet(self.filterset_base):
  File "/Users/Nurik/Desktop/hackaton2/venv/lib/python3.11/site-packages/django_filters/filterset.py", line 62, in __new__
    new_class.base_filters = new_class.get_filters()
                             ^^^^^^^^^^^^^^^^^^^^^^^
  File "/Users/Nurik/Desktop/hackaton2/venv/lib/python3.11/site-packages/django_filters/filterset.py", line 349, in get_filters
    raise TypeError(
TypeError: 'Meta.fields' must not contain non-model field names: n, a, m, e
"GET /docs/?format=openapi HTTP/1.1" 500 167890
"GET /chat/getMessages/1/ HTTP/1.1" 200 198
Internal Server Error: /docs/
Traceback (most recent call last):
  File "/Users/Nurik/Desktop/hackaton2/venv/lib/python3.11/site-packages/django/core/handlers/exception.py", line 55, in inner
    response = get_response(request)
               ^^^^^^^^^^^^^^^^^^^^^
  File "/Users/Nurik/Desktop/hackaton2/venv/lib/python3.11/site-packages/django/core/handlers/base.py", line 197, in _get_response
    response = wrapped_callback(request, *callback_args, **callback_kwargs)
               ^^^^^^^^^^^^^^^^^^^^^^^^^^^^^^^^^^^^^^^^^^^^^^^^^^^^^^^^^^^^
  File "/Users/Nurik/Desktop/hackaton2/venv/lib/python3.11/site-packages/django/views/decorators/csrf.py", line 56, in wrapper_view
    return view_func(*args, **kwargs)
           ^^^^^^^^^^^^^^^^^^^^^^^^^^
  File "/Users/Nurik/Desktop/hackaton2/venv/lib/python3.11/site-packages/django/views/generic/base.py", line 104, in view
    return self.dispatch(request, *args, **kwargs)
           ^^^^^^^^^^^^^^^^^^^^^^^^^^^^^^^^^^^^^^^
  File "/Users/Nurik/Desktop/hackaton2/venv/lib/python3.11/site-packages/rest_framework/views.py", line 509, in dispatch
    response = self.handle_exception(exc)
               ^^^^^^^^^^^^^^^^^^^^^^^^^^
  File "/Users/Nurik/Desktop/hackaton2/venv/lib/python3.11/site-packages/rest_framework/views.py", line 469, in handle_exception
    self.raise_uncaught_exception(exc)
  File "/Users/Nurik/Desktop/hackaton2/venv/lib/python3.11/site-packages/rest_framework/views.py", line 480, in raise_uncaught_exception
    raise exc
  File "/Users/Nurik/Desktop/hackaton2/venv/lib/python3.11/site-packages/rest_framework/views.py", line 506, in dispatch
    response = handler(request, *args, **kwargs)
               ^^^^^^^^^^^^^^^^^^^^^^^^^^^^^^^^^
  File "/Users/Nurik/Desktop/hackaton2/venv/lib/python3.11/site-packages/drf_yasg/views.py", line 94, in get
    schema = generator.get_schema(request, self.public)
             ^^^^^^^^^^^^^^^^^^^^^^^^^^^^^^^^^^^^^^^^^^
  File "/Users/Nurik/Desktop/hackaton2/venv/lib/python3.11/site-packages/drf_yasg/generators.py", line 248, in get_schema
    paths, prefix = self.get_paths(endpoints, components, request, public)
                    ^^^^^^^^^^^^^^^^^^^^^^^^^^^^^^^^^^^^^^^^^^^^^^^^^^^^^^
  File "/Users/Nurik/Desktop/hackaton2/venv/lib/python3.11/site-packages/drf_yasg/generators.py", line 406, in get_paths
    operation = self.get_operation(view, path, prefix, method, components, request)
                ^^^^^^^^^^^^^^^^^^^^^^^^^^^^^^^^^^^^^^^^^^^^^^^^^^^^^^^^^^^^^^^^^^^
  File "/Users/Nurik/Desktop/hackaton2/venv/lib/python3.11/site-packages/drf_yasg/generators.py", line 448, in get_operation
    operation = view_inspector.get_operation(operation_keys)
                ^^^^^^^^^^^^^^^^^^^^^^^^^^^^^^^^^^^^^^^^^^^^
  File "/Users/Nurik/Desktop/hackaton2/venv/lib/python3.11/site-packages/drf_yasg/inspectors/view.py", line 33, in get_operation
    query = self.get_query_parameters()
            ^^^^^^^^^^^^^^^^^^^^^^^^^^^
  File "/Users/Nurik/Desktop/hackaton2/venv/lib/python3.11/site-packages/drf_yasg/inspectors/view.py", line 293, in get_query_parameters
    natural_parameters = self.get_filter_parameters() + self.get_pagination_parameters()
                         ^^^^^^^^^^^^^^^^^^^^^^^^^^^^
  File "/Users/Nurik/Desktop/hackaton2/venv/lib/python3.11/site-packages/drf_yasg/inspectors/base.py", line 409, in get_filter_parameters
    fields += self.probe_inspectors(self.filter_inspectors, 'get_filter_parameters', filter_backend()) or []
              ^^^^^^^^^^^^^^^^^^^^^^^^^^^^^^^^^^^^^^^^^^^^^^^^^^^^^^^^^^^^^^^^^^^^^^^^^^^^^^^^^^^^^^^^
  File "/Users/Nurik/Desktop/hackaton2/venv/lib/python3.11/site-packages/drf_yasg/inspectors/base.py", line 110, in probe_inspectors
    result = method(obj, **kwargs)
             ^^^^^^^^^^^^^^^^^^^^^
  File "/Users/Nurik/Desktop/hackaton2/venv/lib/python3.11/site-packages/drf_yasg/inspectors/query.py", line 26, in get_filter_parameters
    fields = filter_backend.get_schema_fields(self.view)
             ^^^^^^^^^^^^^^^^^^^^^^^^^^^^^^^^^^^^^^^^^^^
  File "/Users/Nurik/Desktop/hackaton2/venv/lib/python3.11/site-packages/django_filters/rest_framework/backends.py", line 116, in get_schema_fields
    filterset_class = self.get_filterset_class(view, queryset)
                      ^^^^^^^^^^^^^^^^^^^^^^^^^^^^^^^^^^^^^^^^
  File "/Users/Nurik/Desktop/hackaton2/venv/lib/python3.11/site-packages/django_filters/rest_framework/backends.py", line 51, in get_filterset_class
    class AutoFilterSet(self.filterset_base):
  File "/Users/Nurik/Desktop/hackaton2/venv/lib/python3.11/site-packages/django_filters/filterset.py", line 62, in __new__
    new_class.base_filters = new_class.get_filters()
                             ^^^^^^^^^^^^^^^^^^^^^^^
  File "/Users/Nurik/Desktop/hackaton2/venv/lib/python3.11/site-packages/django_filters/filterset.py", line 349, in get_filters
    raise TypeError(
TypeError: 'Meta.fields' must not contain non-model field names: n, a, m, e
"GET /docs/?format=openapi HTTP/1.1" 500 167890
Internal Server Error: /docs/
Traceback (most recent call last):
  File "/Users/Nurik/Desktop/hackaton2/venv/lib/python3.11/site-packages/django/core/handlers/exception.py", line 55, in inner
    response = get_response(request)
               ^^^^^^^^^^^^^^^^^^^^^
  File "/Users/Nurik/Desktop/hackaton2/venv/lib/python3.11/site-packages/django/core/handlers/base.py", line 197, in _get_response
    response = wrapped_callback(request, *callback_args, **callback_kwargs)
               ^^^^^^^^^^^^^^^^^^^^^^^^^^^^^^^^^^^^^^^^^^^^^^^^^^^^^^^^^^^^
  File "/Users/Nurik/Desktop/hackaton2/venv/lib/python3.11/site-packages/django/views/decorators/csrf.py", line 56, in wrapper_view
    return view_func(*args, **kwargs)
           ^^^^^^^^^^^^^^^^^^^^^^^^^^
  File "/Users/Nurik/Desktop/hackaton2/venv/lib/python3.11/site-packages/django/views/generic/base.py", line 104, in view
    return self.dispatch(request, *args, **kwargs)
           ^^^^^^^^^^^^^^^^^^^^^^^^^^^^^^^^^^^^^^^
  File "/Users/Nurik/Desktop/hackaton2/venv/lib/python3.11/site-packages/rest_framework/views.py", line 509, in dispatch
    response = self.handle_exception(exc)
               ^^^^^^^^^^^^^^^^^^^^^^^^^^
  File "/Users/Nurik/Desktop/hackaton2/venv/lib/python3.11/site-packages/rest_framework/views.py", line 469, in handle_exception
    self.raise_uncaught_exception(exc)
  File "/Users/Nurik/Desktop/hackaton2/venv/lib/python3.11/site-packages/rest_framework/views.py", line 480, in raise_uncaught_exception
    raise exc
  File "/Users/Nurik/Desktop/hackaton2/venv/lib/python3.11/site-packages/rest_framework/views.py", line 506, in dispatch
    response = handler(request, *args, **kwargs)
               ^^^^^^^^^^^^^^^^^^^^^^^^^^^^^^^^^
  File "/Users/Nurik/Desktop/hackaton2/venv/lib/python3.11/site-packages/drf_yasg/views.py", line 94, in get
    schema = generator.get_schema(request, self.public)
             ^^^^^^^^^^^^^^^^^^^^^^^^^^^^^^^^^^^^^^^^^^
  File "/Users/Nurik/Desktop/hackaton2/venv/lib/python3.11/site-packages/drf_yasg/generators.py", line 248, in get_schema
    paths, prefix = self.get_paths(endpoints, components, request, public)
                    ^^^^^^^^^^^^^^^^^^^^^^^^^^^^^^^^^^^^^^^^^^^^^^^^^^^^^^
  File "/Users/Nurik/Desktop/hackaton2/venv/lib/python3.11/site-packages/drf_yasg/generators.py", line 406, in get_paths
    operation = self.get_operation(view, path, prefix, method, components, request)
                ^^^^^^^^^^^^^^^^^^^^^^^^^^^^^^^^^^^^^^^^^^^^^^^^^^^^^^^^^^^^^^^^^^^
  File "/Users/Nurik/Desktop/hackaton2/venv/lib/python3.11/site-packages/drf_yasg/generators.py", line 448, in get_operation
    operation = view_inspector.get_operation(operation_keys)
                ^^^^^^^^^^^^^^^^^^^^^^^^^^^^^^^^^^^^^^^^^^^^
  File "/Users/Nurik/Desktop/hackaton2/venv/lib/python3.11/site-packages/drf_yasg/inspectors/view.py", line 33, in get_operation
    query = self.get_query_parameters()
            ^^^^^^^^^^^^^^^^^^^^^^^^^^^
  File "/Users/Nurik/Desktop/hackaton2/venv/lib/python3.11/site-packages/drf_yasg/inspectors/view.py", line 293, in get_query_parameters
    natural_parameters = self.get_filter_parameters() + self.get_pagination_parameters()
                         ^^^^^^^^^^^^^^^^^^^^^^^^^^^^
  File "/Users/Nurik/Desktop/hackaton2/venv/lib/python3.11/site-packages/drf_yasg/inspectors/base.py", line 409, in get_filter_parameters
    fields += self.probe_inspectors(self.filter_inspectors, 'get_filter_parameters', filter_backend()) or []
              ^^^^^^^^^^^^^^^^^^^^^^^^^^^^^^^^^^^^^^^^^^^^^^^^^^^^^^^^^^^^^^^^^^^^^^^^^^^^^^^^^^^^^^^^
  File "/Users/Nurik/Desktop/hackaton2/venv/lib/python3.11/site-packages/drf_yasg/inspectors/base.py", line 110, in probe_inspectors
    result = method(obj, **kwargs)
             ^^^^^^^^^^^^^^^^^^^^^
  File "/Users/Nurik/Desktop/hackaton2/venv/lib/python3.11/site-packages/drf_yasg/inspectors/query.py", line 26, in get_filter_parameters
    fields = filter_backend.get_schema_fields(self.view)
             ^^^^^^^^^^^^^^^^^^^^^^^^^^^^^^^^^^^^^^^^^^^
  File "/Users/Nurik/Desktop/hackaton2/venv/lib/python3.11/site-packages/django_filters/rest_framework/backends.py", line 116, in get_schema_fields
    filterset_class = self.get_filterset_class(view, queryset)
                      ^^^^^^^^^^^^^^^^^^^^^^^^^^^^^^^^^^^^^^^^
  File "/Users/Nurik/Desktop/hackaton2/venv/lib/python3.11/site-packages/django_filters/rest_framework/backends.py", line 51, in get_filterset_class
    class AutoFilterSet(self.filterset_base):
  File "/Users/Nurik/Desktop/hackaton2/venv/lib/python3.11/site-packages/django_filters/filterset.py", line 62, in __new__
    new_class.base_filters = new_class.get_filters()
                             ^^^^^^^^^^^^^^^^^^^^^^^
  File "/Users/Nurik/Desktop/hackaton2/venv/lib/python3.11/site-packages/django_filters/filterset.py", line 349, in get_filters
    raise TypeError(
TypeError: 'Meta.fields' must not contain non-model field names: n, a, m, e
"GET /docs/?format=openapi HTTP/1.1" 500 167890
Internal Server Error: /docs/
Traceback (most recent call last):
  File "/Users/Nurik/Desktop/hackaton2/venv/lib/python3.11/site-packages/django/core/handlers/exception.py", line 55, in inner
    response = get_response(request)
               ^^^^^^^^^^^^^^^^^^^^^
  File "/Users/Nurik/Desktop/hackaton2/venv/lib/python3.11/site-packages/django/core/handlers/base.py", line 197, in _get_response
    response = wrapped_callback(request, *callback_args, **callback_kwargs)
               ^^^^^^^^^^^^^^^^^^^^^^^^^^^^^^^^^^^^^^^^^^^^^^^^^^^^^^^^^^^^
  File "/Users/Nurik/Desktop/hackaton2/venv/lib/python3.11/site-packages/django/views/decorators/csrf.py", line 56, in wrapper_view
    return view_func(*args, **kwargs)
           ^^^^^^^^^^^^^^^^^^^^^^^^^^
  File "/Users/Nurik/Desktop/hackaton2/venv/lib/python3.11/site-packages/django/views/generic/base.py", line 104, in view
    return self.dispatch(request, *args, **kwargs)
           ^^^^^^^^^^^^^^^^^^^^^^^^^^^^^^^^^^^^^^^
  File "/Users/Nurik/Desktop/hackaton2/venv/lib/python3.11/site-packages/rest_framework/views.py", line 509, in dispatch
    response = self.handle_exception(exc)
               ^^^^^^^^^^^^^^^^^^^^^^^^^^
  File "/Users/Nurik/Desktop/hackaton2/venv/lib/python3.11/site-packages/rest_framework/views.py", line 469, in handle_exception
    self.raise_uncaught_exception(exc)
  File "/Users/Nurik/Desktop/hackaton2/venv/lib/python3.11/site-packages/rest_framework/views.py", line 480, in raise_uncaught_exception
    raise exc
  File "/Users/Nurik/Desktop/hackaton2/venv/lib/python3.11/site-packages/rest_framework/views.py", line 506, in dispatch
    response = handler(request, *args, **kwargs)
               ^^^^^^^^^^^^^^^^^^^^^^^^^^^^^^^^^
  File "/Users/Nurik/Desktop/hackaton2/venv/lib/python3.11/site-packages/drf_yasg/views.py", line 94, in get
    schema = generator.get_schema(request, self.public)
             ^^^^^^^^^^^^^^^^^^^^^^^^^^^^^^^^^^^^^^^^^^
  File "/Users/Nurik/Desktop/hackaton2/venv/lib/python3.11/site-packages/drf_yasg/generators.py", line 248, in get_schema
    paths, prefix = self.get_paths(endpoints, components, request, public)
                    ^^^^^^^^^^^^^^^^^^^^^^^^^^^^^^^^^^^^^^^^^^^^^^^^^^^^^^
  File "/Users/Nurik/Desktop/hackaton2/venv/lib/python3.11/site-packages/drf_yasg/generators.py", line 406, in get_paths
    operation = self.get_operation(view, path, prefix, method, components, request)
                ^^^^^^^^^^^^^^^^^^^^^^^^^^^^^^^^^^^^^^^^^^^^^^^^^^^^^^^^^^^^^^^^^^^
  File "/Users/Nurik/Desktop/hackaton2/venv/lib/python3.11/site-packages/drf_yasg/generators.py", line 448, in get_operation
    operation = view_inspector.get_operation(operation_keys)
                ^^^^^^^^^^^^^^^^^^^^^^^^^^^^^^^^^^^^^^^^^^^^
  File "/Users/Nurik/Desktop/hackaton2/venv/lib/python3.11/site-packages/drf_yasg/inspectors/view.py", line 33, in get_operation
    query = self.get_query_parameters()
            ^^^^^^^^^^^^^^^^^^^^^^^^^^^
  File "/Users/Nurik/Desktop/hackaton2/venv/lib/python3.11/site-packages/drf_yasg/inspectors/view.py", line 293, in get_query_parameters
    natural_parameters = self.get_filter_parameters() + self.get_pagination_parameters()
                         ^^^^^^^^^^^^^^^^^^^^^^^^^^^^
  File "/Users/Nurik/Desktop/hackaton2/venv/lib/python3.11/site-packages/drf_yasg/inspectors/base.py", line 409, in get_filter_parameters
    fields += self.probe_inspectors(self.filter_inspectors, 'get_filter_parameters', filter_backend()) or []
              ^^^^^^^^^^^^^^^^^^^^^^^^^^^^^^^^^^^^^^^^^^^^^^^^^^^^^^^^^^^^^^^^^^^^^^^^^^^^^^^^^^^^^^^^
  File "/Users/Nurik/Desktop/hackaton2/venv/lib/python3.11/site-packages/drf_yasg/inspectors/base.py", line 110, in probe_inspectors
    result = method(obj, **kwargs)
             ^^^^^^^^^^^^^^^^^^^^^
  File "/Users/Nurik/Desktop/hackaton2/venv/lib/python3.11/site-packages/drf_yasg/inspectors/query.py", line 26, in get_filter_parameters
    fields = filter_backend.get_schema_fields(self.view)
             ^^^^^^^^^^^^^^^^^^^^^^^^^^^^^^^^^^^^^^^^^^^
  File "/Users/Nurik/Desktop/hackaton2/venv/lib/python3.11/site-packages/django_filters/rest_framework/backends.py", line 116, in get_schema_fields
    filterset_class = self.get_filterset_class(view, queryset)
                      ^^^^^^^^^^^^^^^^^^^^^^^^^^^^^^^^^^^^^^^^
  File "/Users/Nurik/Desktop/hackaton2/venv/lib/python3.11/site-packages/django_filters/rest_framework/backends.py", line 51, in get_filterset_class
    class AutoFilterSet(self.filterset_base):
  File "/Users/Nurik/Desktop/hackaton2/venv/lib/python3.11/site-packages/django_filters/filterset.py", line 62, in __new__
    new_class.base_filters = new_class.get_filters()
                             ^^^^^^^^^^^^^^^^^^^^^^^
  File "/Users/Nurik/Desktop/hackaton2/venv/lib/python3.11/site-packages/django_filters/filterset.py", line 349, in get_filters
    raise TypeError(
TypeError: 'Meta.fields' must not contain non-model field names: n, a, m, e
"GET /docs/?format=openapi HTTP/1.1" 500 167890
Internal Server Error: /docs/
Traceback (most recent call last):
  File "/Users/Nurik/Desktop/hackaton2/venv/lib/python3.11/site-packages/django/core/handlers/exception.py", line 55, in inner
    response = get_response(request)
               ^^^^^^^^^^^^^^^^^^^^^
  File "/Users/Nurik/Desktop/hackaton2/venv/lib/python3.11/site-packages/django/core/handlers/base.py", line 197, in _get_response
    response = wrapped_callback(request, *callback_args, **callback_kwargs)
               ^^^^^^^^^^^^^^^^^^^^^^^^^^^^^^^^^^^^^^^^^^^^^^^^^^^^^^^^^^^^
  File "/Users/Nurik/Desktop/hackaton2/venv/lib/python3.11/site-packages/django/views/decorators/csrf.py", line 56, in wrapper_view
    return view_func(*args, **kwargs)
           ^^^^^^^^^^^^^^^^^^^^^^^^^^
  File "/Users/Nurik/Desktop/hackaton2/venv/lib/python3.11/site-packages/django/views/generic/base.py", line 104, in view
    return self.dispatch(request, *args, **kwargs)
           ^^^^^^^^^^^^^^^^^^^^^^^^^^^^^^^^^^^^^^^
  File "/Users/Nurik/Desktop/hackaton2/venv/lib/python3.11/site-packages/rest_framework/views.py", line 509, in dispatch
    response = self.handle_exception(exc)
               ^^^^^^^^^^^^^^^^^^^^^^^^^^
  File "/Users/Nurik/Desktop/hackaton2/venv/lib/python3.11/site-packages/rest_framework/views.py", line 469, in handle_exception
    self.raise_uncaught_exception(exc)
  File "/Users/Nurik/Desktop/hackaton2/venv/lib/python3.11/site-packages/rest_framework/views.py", line 480, in raise_uncaught_exception
    raise exc
  File "/Users/Nurik/Desktop/hackaton2/venv/lib/python3.11/site-packages/rest_framework/views.py", line 506, in dispatch
    response = handler(request, *args, **kwargs)
               ^^^^^^^^^^^^^^^^^^^^^^^^^^^^^^^^^
  File "/Users/Nurik/Desktop/hackaton2/venv/lib/python3.11/site-packages/drf_yasg/views.py", line 94, in get
    schema = generator.get_schema(request, self.public)
             ^^^^^^^^^^^^^^^^^^^^^^^^^^^^^^^^^^^^^^^^^^
  File "/Users/Nurik/Desktop/hackaton2/venv/lib/python3.11/site-packages/drf_yasg/generators.py", line 248, in get_schema
    paths, prefix = self.get_paths(endpoints, components, request, public)
                    ^^^^^^^^^^^^^^^^^^^^^^^^^^^^^^^^^^^^^^^^^^^^^^^^^^^^^^
  File "/Users/Nurik/Desktop/hackaton2/venv/lib/python3.11/site-packages/drf_yasg/generators.py", line 406, in get_paths
    operation = self.get_operation(view, path, prefix, method, components, request)
                ^^^^^^^^^^^^^^^^^^^^^^^^^^^^^^^^^^^^^^^^^^^^^^^^^^^^^^^^^^^^^^^^^^^
  File "/Users/Nurik/Desktop/hackaton2/venv/lib/python3.11/site-packages/drf_yasg/generators.py", line 448, in get_operation
    operation = view_inspector.get_operation(operation_keys)
                ^^^^^^^^^^^^^^^^^^^^^^^^^^^^^^^^^^^^^^^^^^^^
  File "/Users/Nurik/Desktop/hackaton2/venv/lib/python3.11/site-packages/drf_yasg/inspectors/view.py", line 33, in get_operation
    query = self.get_query_parameters()
            ^^^^^^^^^^^^^^^^^^^^^^^^^^^
  File "/Users/Nurik/Desktop/hackaton2/venv/lib/python3.11/site-packages/drf_yasg/inspectors/view.py", line 293, in get_query_parameters
    natural_parameters = self.get_filter_parameters() + self.get_pagination_parameters()
                         ^^^^^^^^^^^^^^^^^^^^^^^^^^^^
  File "/Users/Nurik/Desktop/hackaton2/venv/lib/python3.11/site-packages/drf_yasg/inspectors/base.py", line 409, in get_filter_parameters
    fields += self.probe_inspectors(self.filter_inspectors, 'get_filter_parameters', filter_backend()) or []
              ^^^^^^^^^^^^^^^^^^^^^^^^^^^^^^^^^^^^^^^^^^^^^^^^^^^^^^^^^^^^^^^^^^^^^^^^^^^^^^^^^^^^^^^^
  File "/Users/Nurik/Desktop/hackaton2/venv/lib/python3.11/site-packages/drf_yasg/inspectors/base.py", line 110, in probe_inspectors
    result = method(obj, **kwargs)
             ^^^^^^^^^^^^^^^^^^^^^
  File "/Users/Nurik/Desktop/hackaton2/venv/lib/python3.11/site-packages/drf_yasg/inspectors/query.py", line 26, in get_filter_parameters
    fields = filter_backend.get_schema_fields(self.view)
             ^^^^^^^^^^^^^^^^^^^^^^^^^^^^^^^^^^^^^^^^^^^
  File "/Users/Nurik/Desktop/hackaton2/venv/lib/python3.11/site-packages/django_filters/rest_framework/backends.py", line 116, in get_schema_fields
    filterset_class = self.get_filterset_class(view, queryset)
                      ^^^^^^^^^^^^^^^^^^^^^^^^^^^^^^^^^^^^^^^^
  File "/Users/Nurik/Desktop/hackaton2/venv/lib/python3.11/site-packages/django_filters/rest_framework/backends.py", line 51, in get_filterset_class
    class AutoFilterSet(self.filterset_base):
  File "/Users/Nurik/Desktop/hackaton2/venv/lib/python3.11/site-packages/django_filters/filterset.py", line 62, in __new__
    new_class.base_filters = new_class.get_filters()
                             ^^^^^^^^^^^^^^^^^^^^^^^
  File "/Users/Nurik/Desktop/hackaton2/venv/lib/python3.11/site-packages/django_filters/filterset.py", line 349, in get_filters
    raise TypeError(
TypeError: 'Meta.fields' must not contain non-model field names: n, a, m, e
"GET /docs/?format=openapi HTTP/1.1" 500 167890
"GET /chat/getMessages/1/ HTTP/1.1" 200 198
"GET /chat/getMessages/1/ HTTP/1.1" 200 198
"GET /chat/getMessages/1/ HTTP/1.1" 200 198
"GET /chat/getMessages/1/ HTTP/1.1" 200 198
"GET /chat/getMessages/1/ HTTP/1.1" 200 198
"GET /chat/getMessages/1/ HTTP/1.1" 200 198
"GET /chat/getMessages/1/ HTTP/1.1" 200 198
"GET /chat/getMessages/1/ HTTP/1.1" 200 198
"GET /chat/getMessages/1/ HTTP/1.1" 200 198
"GET /chat/getMessages/1/ HTTP/1.1" 200 198
"GET /chat/getMessages/1/ HTTP/1.1" 200 198
"GET /chat/getMessages/1/ HTTP/1.1" 200 198
"GET /chat/getMessages/1/ HTTP/1.1" 200 198
Not Found: /
"GET / HTTP/1.1" 404 3039
"GET /chat/getMessages/1/ HTTP/1.1" 200 198
"GET /chat/getMessages/1/ HTTP/1.1" 200 198
"GET /admin/ HTTP/1.1" 200 21281
"GET /chat/getMessages/1/ HTTP/1.1" 200 198
"GET /chat/getMessages/1/ HTTP/1.1" 200 198
"GET /docs/ HTTP/1.1" 200 2150
Internal Server Error: /docs/
Traceback (most recent call last):
  File "/Users/Nurik/Desktop/hackaton2/venv/lib/python3.11/site-packages/django/core/handlers/exception.py", line 55, in inner
    response = get_response(request)
               ^^^^^^^^^^^^^^^^^^^^^
  File "/Users/Nurik/Desktop/hackaton2/venv/lib/python3.11/site-packages/django/core/handlers/base.py", line 197, in _get_response
    response = wrapped_callback(request, *callback_args, **callback_kwargs)
               ^^^^^^^^^^^^^^^^^^^^^^^^^^^^^^^^^^^^^^^^^^^^^^^^^^^^^^^^^^^^
  File "/Users/Nurik/Desktop/hackaton2/venv/lib/python3.11/site-packages/django/views/decorators/csrf.py", line 56, in wrapper_view
    return view_func(*args, **kwargs)
           ^^^^^^^^^^^^^^^^^^^^^^^^^^
  File "/Users/Nurik/Desktop/hackaton2/venv/lib/python3.11/site-packages/django/views/generic/base.py", line 104, in view
    return self.dispatch(request, *args, **kwargs)
           ^^^^^^^^^^^^^^^^^^^^^^^^^^^^^^^^^^^^^^^
  File "/Users/Nurik/Desktop/hackaton2/venv/lib/python3.11/site-packages/rest_framework/views.py", line 509, in dispatch
    response = self.handle_exception(exc)
               ^^^^^^^^^^^^^^^^^^^^^^^^^^
  File "/Users/Nurik/Desktop/hackaton2/venv/lib/python3.11/site-packages/rest_framework/views.py", line 469, in handle_exception
    self.raise_uncaught_exception(exc)
  File "/Users/Nurik/Desktop/hackaton2/venv/lib/python3.11/site-packages/rest_framework/views.py", line 480, in raise_uncaught_exception
    raise exc
  File "/Users/Nurik/Desktop/hackaton2/venv/lib/python3.11/site-packages/rest_framework/views.py", line 506, in dispatch
    response = handler(request, *args, **kwargs)
               ^^^^^^^^^^^^^^^^^^^^^^^^^^^^^^^^^
  File "/Users/Nurik/Desktop/hackaton2/venv/lib/python3.11/site-packages/drf_yasg/views.py", line 94, in get
    schema = generator.get_schema(request, self.public)
             ^^^^^^^^^^^^^^^^^^^^^^^^^^^^^^^^^^^^^^^^^^
  File "/Users/Nurik/Desktop/hackaton2/venv/lib/python3.11/site-packages/drf_yasg/generators.py", line 248, in get_schema
    paths, prefix = self.get_paths(endpoints, components, request, public)
                    ^^^^^^^^^^^^^^^^^^^^^^^^^^^^^^^^^^^^^^^^^^^^^^^^^^^^^^
  File "/Users/Nurik/Desktop/hackaton2/venv/lib/python3.11/site-packages/drf_yasg/generators.py", line 406, in get_paths
    operation = self.get_operation(view, path, prefix, method, components, request)
                ^^^^^^^^^^^^^^^^^^^^^^^^^^^^^^^^^^^^^^^^^^^^^^^^^^^^^^^^^^^^^^^^^^^
  File "/Users/Nurik/Desktop/hackaton2/venv/lib/python3.11/site-packages/drf_yasg/generators.py", line 448, in get_operation
    operation = view_inspector.get_operation(operation_keys)
                ^^^^^^^^^^^^^^^^^^^^^^^^^^^^^^^^^^^^^^^^^^^^
  File "/Users/Nurik/Desktop/hackaton2/venv/lib/python3.11/site-packages/drf_yasg/inspectors/view.py", line 33, in get_operation
    query = self.get_query_parameters()
            ^^^^^^^^^^^^^^^^^^^^^^^^^^^
  File "/Users/Nurik/Desktop/hackaton2/venv/lib/python3.11/site-packages/drf_yasg/inspectors/view.py", line 293, in get_query_parameters
    natural_parameters = self.get_filter_parameters() + self.get_pagination_parameters()
                         ^^^^^^^^^^^^^^^^^^^^^^^^^^^^
  File "/Users/Nurik/Desktop/hackaton2/venv/lib/python3.11/site-packages/drf_yasg/inspectors/base.py", line 409, in get_filter_parameters
    fields += self.probe_inspectors(self.filter_inspectors, 'get_filter_parameters', filter_backend()) or []
              ^^^^^^^^^^^^^^^^^^^^^^^^^^^^^^^^^^^^^^^^^^^^^^^^^^^^^^^^^^^^^^^^^^^^^^^^^^^^^^^^^^^^^^^^
  File "/Users/Nurik/Desktop/hackaton2/venv/lib/python3.11/site-packages/drf_yasg/inspectors/base.py", line 110, in probe_inspectors
    result = method(obj, **kwargs)
             ^^^^^^^^^^^^^^^^^^^^^
  File "/Users/Nurik/Desktop/hackaton2/venv/lib/python3.11/site-packages/drf_yasg/inspectors/query.py", line 26, in get_filter_parameters
    fields = filter_backend.get_schema_fields(self.view)
             ^^^^^^^^^^^^^^^^^^^^^^^^^^^^^^^^^^^^^^^^^^^
  File "/Users/Nurik/Desktop/hackaton2/venv/lib/python3.11/site-packages/django_filters/rest_framework/backends.py", line 116, in get_schema_fields
    filterset_class = self.get_filterset_class(view, queryset)
                      ^^^^^^^^^^^^^^^^^^^^^^^^^^^^^^^^^^^^^^^^
  File "/Users/Nurik/Desktop/hackaton2/venv/lib/python3.11/site-packages/django_filters/rest_framework/backends.py", line 51, in get_filterset_class
    class AutoFilterSet(self.filterset_base):
  File "/Users/Nurik/Desktop/hackaton2/venv/lib/python3.11/site-packages/django_filters/filterset.py", line 62, in __new__
    new_class.base_filters = new_class.get_filters()
                             ^^^^^^^^^^^^^^^^^^^^^^^
  File "/Users/Nurik/Desktop/hackaton2/venv/lib/python3.11/site-packages/django_filters/filterset.py", line 349, in get_filters
    raise TypeError(
TypeError: 'Meta.fields' must not contain non-model field names: n, a, m, e
"GET /docs/?format=openapi HTTP/1.1" 500 167941
"GET /chat/getMessages/1/ HTTP/1.1" 200 198
"GET /chat/getMessages/1/ HTTP/1.1" 200 198
"GET /chat/getMessages/1/ HTTP/1.1" 200 198
"GET /chat/getMessages/1/ HTTP/1.1" 200 198
"GET /chat/getMessages/1/ HTTP/1.1" 200 198
"GET /chat/getMessages/1/ HTTP/1.1" 200 198
"GET /chat/getMessages/1/ HTTP/1.1" 200 198
"GET /chat/getMessages/1/ HTTP/1.1" 200 198
"GET /chat/getMessages/1/ HTTP/1.1" 200 198
"GET /chat/getMessages/1/ HTTP/1.1" 200 198
"GET /chat/getMessages/1/ HTTP/1.1" 200 198
"GET /chat/getMessages/1/ HTTP/1.1" 200 198
"GET /chat/getMessages/1/ HTTP/1.1" 200 198
"GET /chat/getMessages/1/ HTTP/1.1" 200 198
"GET /chat/getMessages/1/ HTTP/1.1" 200 198
"GET /chat/getMessages/1/ HTTP/1.1" 200 198
"GET /chat/getMessages/1/ HTTP/1.1" 200 198
"GET /chat/getMessages/1/ HTTP/1.1" 200 198
"GET /chat/getMessages/1/ HTTP/1.1" 200 198
"GET /chat/getMessages/1/ HTTP/1.1" 200 198
"GET /chat/getMessages/1/ HTTP/1.1" 200 198
"GET /chat/getMessages/1/ HTTP/1.1" 200 198
"GET /chat/getMessages/1/ HTTP/1.1" 200 198
/Users/Nurik/Desktop/hackaton2/product/views.py changed, reloading.
Watching for file changes with StatReloader
"GET /chat/getMessages/1/ HTTP/1.1" 200 198
"GET /docs/?format=openapi HTTP/1.1" 200 15573
"GET /chat/getMessages/1/ HTTP/1.1" 200 198
"GET /chat/getMessages/1/ HTTP/1.1" 200 198
"GET /chat/getMessages/1/ HTTP/1.1" 200 198
"GET /chat/getMessages/1/ HTTP/1.1" 200 198
"GET /chat/getMessages/1/ HTTP/1.1" 200 198
"GET /chat/getMessages/1/ HTTP/1.1" 200 198
"GET /chat/getMessages/1/ HTTP/1.1" 200 198
"GET /chat/getMessages/1/ HTTP/1.1" 200 198
/Users/Nurik/Desktop/hackaton2/product/views.py changed, reloading.
Watching for file changes with StatReloader
"GET /chat/getMessages/1/ HTTP/1.1" 200 198
/Users/Nurik/Desktop/hackaton2/product/views.py changed, reloading.
Watching for file changes with StatReloader
/Users/Nurik/Desktop/hackaton2/product/views.py changed, reloading.
Watching for file changes with StatReloader
/Users/Nurik/Desktop/hackaton2/product/views.py changed, reloading.
Watching for file changes with StatReloader
"GET /chat/getMessages/1/ HTTP/1.1" 200 198
"GET /chat/getMessages/1/ HTTP/1.1" 200 198
"GET /chat/getMessages/1/ HTTP/1.1" 200 198
"GET /chat/getMessages/1/ HTTP/1.1" 200 198
"GET /chat/getMessages/1/ HTTP/1.1" 200 198
"GET /chat/getMessages/1/ HTTP/1.1" 200 198
"GET /chat/getMessages/1/ HTTP/1.1" 200 198
"GET /chat/getMessages/1/ HTTP/1.1" 200 198
"GET /chat/getMessages/1/ HTTP/1.1" 200 198
"GET /chat/getMessages/1/ HTTP/1.1" 200 198
"GET /chat/getMessages/1/ HTTP/1.1" 200 198
"GET /chat/getMessages/1/ HTTP/1.1" 200 198
"GET /chat/getMessages/1/ HTTP/1.1" 200 198
"GET /chat/getMessages/1/ HTTP/1.1" 200 198
"GET /chat/getMessages/1/ HTTP/1.1" 200 198
"GET /chat/getMessages/1/ HTTP/1.1" 200 198
"GET /chat/getMessages/1/ HTTP/1.1" 200 198
"GET /chat/getMessages/1/ HTTP/1.1" 200 198
"GET /chat/getMessages/1/ HTTP/1.1" 200 198
"GET /chat/getMessages/1/ HTTP/1.1" 200 198
"GET /chat/getMessages/1/ HTTP/1.1" 200 198
"GET /chat/getMessages/1/ HTTP/1.1" 200 198
"GET /chat/getMessages/1/ HTTP/1.1" 200 198
"GET /chat/getMessages/1/ HTTP/1.1" 200 198
"GET /chat/getMessages/1/ HTTP/1.1" 200 198
"GET /chat/getMessages/1/ HTTP/1.1" 200 198
"GET /chat/getMessages/1/ HTTP/1.1" 200 198
"GET /chat/getMessages/1/ HTTP/1.1" 200 198
"GET /chat/getMessages/1/ HTTP/1.1" 200 198
"GET /chat/getMessages/1/ HTTP/1.1" 200 198
"GET /chat/getMessages/1/ HTTP/1.1" 200 198
"GET /chat/getMessages/1/ HTTP/1.1" 200 198
"GET /chat/getMessages/1/ HTTP/1.1" 200 198
"GET /chat/getMessages/1/ HTTP/1.1" 200 198
"GET /chat/getMessages/1/ HTTP/1.1" 200 198
"GET /chat/getMessages/1/ HTTP/1.1" 200 198
"GET /chat/getMessages/1/ HTTP/1.1" 200 198
"GET /chat/getMessages/1/ HTTP/1.1" 200 198
"GET /chat/getMessages/1/ HTTP/1.1" 200 198
"GET /chat/getMessages/1/ HTTP/1.1" 200 198
"GET /chat/getMessages/1/ HTTP/1.1" 200 198
"GET /chat/getMessages/1/ HTTP/1.1" 200 198
"GET /chat/getMessages/1/ HTTP/1.1" 200 198
"GET /chat/getMessages/1/ HTTP/1.1" 200 198
"GET /chat/getMessages/1/ HTTP/1.1" 200 198
"GET /chat/getMessages/1/ HTTP/1.1" 200 198
"GET /chat/getMessages/1/ HTTP/1.1" 200 198
"GET /chat/getMessages/1/ HTTP/1.1" 200 198
"GET /chat/getMessages/1/ HTTP/1.1" 200 198
"GET /chat/getMessages/1/ HTTP/1.1" 200 198
"GET /chat/getMessages/1/ HTTP/1.1" 200 198
"GET /chat/getMessages/1/ HTTP/1.1" 200 198
"GET /chat/getMessages/1/ HTTP/1.1" 200 198
"GET /chat/getMessages/1/ HTTP/1.1" 200 198
"GET /chat/getMessages/1/ HTTP/1.1" 200 198
"GET /chat/getMessages/1/ HTTP/1.1" 200 198
"GET /chat/getMessages/1/ HTTP/1.1" 200 198
"GET /chat/getMessages/1/ HTTP/1.1" 200 198
"GET /chat/getMessages/1/ HTTP/1.1" 200 198
"GET /chat/getMessages/1/ HTTP/1.1" 200 198
"GET /chat/getMessages/1/ HTTP/1.1" 200 198
"GET /chat/getMessages/1/ HTTP/1.1" 200 198
"GET /chat/getMessages/1/ HTTP/1.1" 200 198
"GET /chat/getMessages/1/ HTTP/1.1" 200 198
"GET /chat/getMessages/1/ HTTP/1.1" 200 198
"GET /chat/getMessages/1/ HTTP/1.1" 200 198
"GET /chat/getMessages/1/ HTTP/1.1" 200 198
"GET /chat/getMessages/1/ HTTP/1.1" 200 198
"GET /chat/getMessages/1/ HTTP/1.1" 200 198
"GET /chat/getMessages/1/ HTTP/1.1" 200 198
"GET /chat/getMessages/1/ HTTP/1.1" 200 198
"GET /chat/getMessages/1/ HTTP/1.1" 200 198
"GET /chat/getMessages/1/ HTTP/1.1" 200 198
"GET /chat/getMessages/1/ HTTP/1.1" 200 198
"GET /chat/getMessages/1/ HTTP/1.1" 200 198
"GET /chat/getMessages/1/ HTTP/1.1" 200 198
"GET /chat/getMessages/1/ HTTP/1.1" 200 198
"GET /chat/getMessages/1/ HTTP/1.1" 200 198
"GET /chat/getMessages/1/ HTTP/1.1" 200 198
"GET /chat/getMessages/1/ HTTP/1.1" 200 198
"GET /chat/getMessages/1/ HTTP/1.1" 200 198
"GET /chat/getMessages/1/ HTTP/1.1" 200 198
"GET /chat/getMessages/1/ HTTP/1.1" 200 198
"GET /chat/getMessages/1/ HTTP/1.1" 200 198
"GET /chat/getMessages/1/ HTTP/1.1" 200 198
"GET /chat/getMessages/1/ HTTP/1.1" 200 198
"GET /chat/getMessages/1/ HTTP/1.1" 200 198
"GET /chat/getMessages/1/ HTTP/1.1" 200 198
"GET /chat/getMessages/1/ HTTP/1.1" 200 198
"GET /chat/getMessages/1/ HTTP/1.1" 200 198
"GET /chat/getMessages/1/ HTTP/1.1" 200 198
"GET /chat/getMessages/1/ HTTP/1.1" 200 198
"GET /chat/getMessages/1/ HTTP/1.1" 200 198
"GET /chat/getMessages/1/ HTTP/1.1" 200 198
"GET /chat/getMessages/1/ HTTP/1.1" 200 198
"GET /chat/getMessages/1/ HTTP/1.1" 200 198
"GET /chat/getMessages/1/ HTTP/1.1" 200 198
"GET /chat/getMessages/1/ HTTP/1.1" 200 198
"GET /chat/getMessages/1/ HTTP/1.1" 200 198
"GET /chat/getMessages/1/ HTTP/1.1" 200 198
"GET /chat/getMessages/1/ HTTP/1.1" 200 198
"GET /chat/getMessages/1/ HTTP/1.1" 200 198
"GET /chat/getMessages/1/ HTTP/1.1" 200 198
"GET /chat/getMessages/1/ HTTP/1.1" 200 198
"GET /chat/getMessages/1/ HTTP/1.1" 200 198
"GET /chat/getMessages/1/ HTTP/1.1" 200 198
"GET /chat/getMessages/1/ HTTP/1.1" 200 198
"GET /chat/getMessages/1/ HTTP/1.1" 200 198
"GET /chat/getMessages/1/ HTTP/1.1" 200 198
"GET /chat/getMessages/1/ HTTP/1.1" 200 198
"GET /chat/getMessages/1/ HTTP/1.1" 200 198
"GET /chat/getMessages/1/ HTTP/1.1" 200 198
"GET /chat/getMessages/1/ HTTP/1.1" 200 198
"GET /chat/getMessages/1/ HTTP/1.1" 200 198
"GET /chat/getMessages/1/ HTTP/1.1" 200 198
"GET /chat/getMessages/1/ HTTP/1.1" 200 198
"GET /chat/getMessages/1/ HTTP/1.1" 200 198
"GET /chat/getMessages/1/ HTTP/1.1" 200 198
"GET /chat/getMessages/1/ HTTP/1.1" 200 198
"GET /chat/getMessages/1/ HTTP/1.1" 200 198
/Users/Nurik/Desktop/hackaton2/product/views.py changed, reloading.
Watching for file changes with StatReloader
"GET /docs/ HTTP/1.1" 200 2150
"GET /docs/?format=openapi HTTP/1.1" 200 15477
"GET /chat/getMessages/1/ HTTP/1.1" 200 198
"GET /chat/getMessages/1/ HTTP/1.1" 200 198
"GET /chat/getMessages/1/ HTTP/1.1" 200 198
"GET /chat/getMessages/1/ HTTP/1.1" 200 198
"GET /chat/getMessages/1/ HTTP/1.1" 200 198
"GET /chat/getMessages/1/ HTTP/1.1" 200 198
"GET /chat/getMessages/1/ HTTP/1.1" 200 198
"GET /chat/getMessages/1/ HTTP/1.1" 200 198
"GET /chat/getMessages/1/ HTTP/1.1" 200 198
"GET /chat/getMessages/1/ HTTP/1.1" 200 198
"GET /chat/getMessages/1/ HTTP/1.1" 200 198
"GET /chat/getMessages/1/ HTTP/1.1" 200 198
"GET /chat/getMessages/1/ HTTP/1.1" 200 198
"GET /chat/getMessages/1/ HTTP/1.1" 200 198
"GET /chat/getMessages/1/ HTTP/1.1" 200 198
"GET /chat/getMessages/1/ HTTP/1.1" 200 198
"GET /chat/getMessages/1/ HTTP/1.1" 200 198
"GET /chat/getMessages/1/ HTTP/1.1" 200 198
"GET /chat/getMessages/1/ HTTP/1.1" 200 198
"GET /chat/getMessages/1/ HTTP/1.1" 200 198
"GET /chat/getMessages/1/ HTTP/1.1" 200 198
"GET /chat/getMessages/1/ HTTP/1.1" 200 198
"GET /chat/getMessages/1/ HTTP/1.1" 200 198
"GET /chat/getMessages/1/ HTTP/1.1" 200 198
"GET /chat/getMessages/1/ HTTP/1.1" 200 198
"GET /chat/getMessages/1/ HTTP/1.1" 200 198
"GET /chat/getMessages/1/ HTTP/1.1" 200 198
"GET /chat/getMessages/1/ HTTP/1.1" 200 198
"GET /chat/getMessages/1/ HTTP/1.1" 200 198
"GET /chat/getMessages/1/ HTTP/1.1" 200 198
"GET /chat/getMessages/1/ HTTP/1.1" 200 198
"GET /chat/getMessages/1/ HTTP/1.1" 200 198
"GET /chat/getMessages/1/ HTTP/1.1" 200 198
"GET /chat/getMessages/1/ HTTP/1.1" 200 198
"GET /chat/getMessages/1/ HTTP/1.1" 200 198
"GET /chat/getMessages/1/ HTTP/1.1" 200 198
"GET /chat/getMessages/1/ HTTP/1.1" 200 198
"GET /chat/getMessages/1/ HTTP/1.1" 200 198
"GET /chat/getMessages/1/ HTTP/1.1" 200 198
"GET /chat/getMessages/1/ HTTP/1.1" 200 198
"GET /chat/getMessages/1/ HTTP/1.1" 200 198
"GET /chat/getMessages/1/ HTTP/1.1" 200 198
"GET /chat/getMessages/1/ HTTP/1.1" 200 198
"GET /chat/getMessages/1/ HTTP/1.1" 200 198
"GET /chat/getMessages/1/ HTTP/1.1" 200 198
"GET /chat/getMessages/1/ HTTP/1.1" 200 198
"GET /chat/getMessages/1/ HTTP/1.1" 200 198
"GET /chat/getMessages/1/ HTTP/1.1" 200 198
"GET /chat/getMessages/1/ HTTP/1.1" 200 198
"GET /chat/getMessages/1/ HTTP/1.1" 200 198
"GET /chat/getMessages/1/ HTTP/1.1" 200 198
"GET /chat/getMessages/1/ HTTP/1.1" 200 198
"GET /chat/getMessages/1/ HTTP/1.1" 200 198
"GET /chat/getMessages/1/ HTTP/1.1" 200 198
"GET /chat/getMessages/1/ HTTP/1.1" 200 198
"GET /chat/getMessages/1/ HTTP/1.1" 200 198
"GET /chat/getMessages/1/ HTTP/1.1" 200 198
"GET /chat/getMessages/1/ HTTP/1.1" 200 198
"GET /chat/getMessages/1/ HTTP/1.1" 200 198
"GET /chat/getMessages/1/ HTTP/1.1" 200 198
"GET /chat/getMessages/1/ HTTP/1.1" 200 198
"GET /chat/getMessages/1/ HTTP/1.1" 200 198
"GET /chat/getMessages/1/ HTTP/1.1" 200 198
"GET /chat/getMessages/1/ HTTP/1.1" 200 198
"GET /chat/getMessages/1/ HTTP/1.1" 200 198
"GET /chat/getMessages/1/ HTTP/1.1" 200 198
"GET /chat/getMessages/1/ HTTP/1.1" 200 198
"GET /chat/getMessages/1/ HTTP/1.1" 200 198
"GET /chat/getMessages/1/ HTTP/1.1" 200 198
"GET /chat/getMessages/1/ HTTP/1.1" 200 198
"GET /chat/getMessages/1/ HTTP/1.1" 200 198
"GET /chat/getMessages/1/ HTTP/1.1" 200 198
"GET /chat/getMessages/1/ HTTP/1.1" 200 198
"GET /chat/getMessages/1/ HTTP/1.1" 200 198
"GET /chat/getMessages/1/ HTTP/1.1" 200 198
"GET /chat/getMessages/1/ HTTP/1.1" 200 198
"GET /chat/getMessages/1/ HTTP/1.1" 200 198
"GET /chat/getMessages/1/ HTTP/1.1" 200 198
"GET /chat/getMessages/1/ HTTP/1.1" 200 198
"GET /chat/getMessages/1/ HTTP/1.1" 200 198
"GET /chat/getMessages/1/ HTTP/1.1" 200 198
"GET /chat/getMessages/1/ HTTP/1.1" 200 198
"GET /chat/getMessages/1/ HTTP/1.1" 200 198
"GET /chat/getMessages/1/ HTTP/1.1" 200 198
"GET /chat/getMessages/1/ HTTP/1.1" 200 198
"GET /chat/getMessages/1/ HTTP/1.1" 200 198
"GET /chat/getMessages/1/ HTTP/1.1" 200 198
"GET /chat/getMessages/1/ HTTP/1.1" 200 198
"GET /chat/getMessages/1/ HTTP/1.1" 200 198
"GET /chat/getMessages/1/ HTTP/1.1" 200 198
"GET /chat/getMessages/1/ HTTP/1.1" 200 198
"GET /chat/getMessages/1/ HTTP/1.1" 200 198
"GET /chat/getMessages/1/ HTTP/1.1" 200 198
"GET /chat/getMessages/1/ HTTP/1.1" 200 198
"GET /chat/getMessages/1/ HTTP/1.1" 200 198
"GET /chat/getMessages/1/ HTTP/1.1" 200 198
"GET /chat/getMessages/1/ HTTP/1.1" 200 198
"GET /chat/getMessages/1/ HTTP/1.1" 200 198
"GET /chat/getMessages/1/ HTTP/1.1" 200 198
"GET /chat/getMessages/1/ HTTP/1.1" 200 198
"GET /chat/getMessages/1/ HTTP/1.1" 200 198
"GET /chat/getMessages/1/ HTTP/1.1" 200 198
"GET /chat/getMessages/1/ HTTP/1.1" 200 198
"GET /chat/getMessages/1/ HTTP/1.1" 200 198
"GET /chat/getMessages/1/ HTTP/1.1" 200 198
"GET /chat/getMessages/1/ HTTP/1.1" 200 198
"GET /chat/getMessages/1/ HTTP/1.1" 200 198
"GET /chat/getMessages/1/ HTTP/1.1" 200 198
"GET /chat/getMessages/1/ HTTP/1.1" 200 198
"GET /chat/getMessages/1/ HTTP/1.1" 200 198
"GET /chat/getMessages/1/ HTTP/1.1" 200 198
"GET /chat/getMessages/1/ HTTP/1.1" 200 198
"GET /chat/getMessages/1/ HTTP/1.1" 200 198
"GET /chat/getMessages/1/ HTTP/1.1" 200 198
"GET /chat/getMessages/1/ HTTP/1.1" 200 198
"GET /chat/getMessages/1/ HTTP/1.1" 200 198
"GET /chat/getMessages/1/ HTTP/1.1" 200 198
"GET /chat/getMessages/1/ HTTP/1.1" 200 198
"GET /chat/getMessages/1/ HTTP/1.1" 200 198
"GET /chat/getMessages/1/ HTTP/1.1" 200 198
"GET /chat/getMessages/1/ HTTP/1.1" 200 198
"GET /chat/getMessages/1/ HTTP/1.1" 200 198
"GET /chat/getMessages/1/ HTTP/1.1" 200 198
"GET /chat/getMessages/1/ HTTP/1.1" 200 198
"GET /chat/getMessages/1/ HTTP/1.1" 200 198
"GET /chat/getMessages/1/ HTTP/1.1" 200 198
"GET /chat/getMessages/1/ HTTP/1.1" 200 198
"GET /chat/getMessages/1/ HTTP/1.1" 200 198
"GET /chat/getMessages/1/ HTTP/1.1" 200 198
"GET /chat/getMessages/1/ HTTP/1.1" 200 198
"GET /chat/getMessages/1/ HTTP/1.1" 200 198
"GET /chat/getMessages/1/ HTTP/1.1" 200 198
"GET /chat/getMessages/1/ HTTP/1.1" 200 198
"GET /chat/getMessages/1/ HTTP/1.1" 200 198
"GET /chat/getMessages/1/ HTTP/1.1" 200 198
"GET /chat/getMessages/1/ HTTP/1.1" 200 198
"GET /chat/getMessages/1/ HTTP/1.1" 200 198
"GET /chat/getMessages/1/ HTTP/1.1" 200 198
"GET /chat/getMessages/1/ HTTP/1.1" 200 198
"GET /chat/getMessages/1/ HTTP/1.1" 200 198
"GET /chat/getMessages/1/ HTTP/1.1" 200 198
"GET /chat/getMessages/1/ HTTP/1.1" 200 198
"GET /chat/getMessages/1/ HTTP/1.1" 200 198
"GET /chat/getMessages/1/ HTTP/1.1" 200 198
"GET /chat/getMessages/1/ HTTP/1.1" 200 198
"GET /chat/getMessages/1/ HTTP/1.1" 200 198
"GET /chat/getMessages/1/ HTTP/1.1" 200 198
"GET /chat/getMessages/1/ HTTP/1.1" 200 198
"GET /chat/getMessages/1/ HTTP/1.1" 200 198
"GET /chat/getMessages/1/ HTTP/1.1" 200 198
"GET /chat/getMessages/1/ HTTP/1.1" 200 198
"GET /chat/getMessages/1/ HTTP/1.1" 200 198
"GET /chat/getMessages/1/ HTTP/1.1" 200 198
"GET /chat/getMessages/1/ HTTP/1.1" 200 198
